

Started GET "/" for 10.0.2.2 at 2014-10-04 08:59:57 +0000

ActiveRecord::PendingMigrationError (

Migrations are pending. To resolve this issue, run:

	bin/rake db:migrate RAILS_ENV=development

):
  activerecord (4.1.2) lib/active_record/migration.rb:389:in `check_pending!'
  activerecord (4.1.2) lib/active_record/migration.rb:377:in `call'
  actionpack (4.1.2) lib/action_dispatch/middleware/callbacks.rb:29:in `block in call'
  activesupport (4.1.2) lib/active_support/callbacks.rb:82:in `run_callbacks'
  actionpack (4.1.2) lib/action_dispatch/middleware/callbacks.rb:27:in `call'
  actionpack (4.1.2) lib/action_dispatch/middleware/reloader.rb:73:in `call'
  actionpack (4.1.2) lib/action_dispatch/middleware/remote_ip.rb:76:in `call'
  actionpack (4.1.2) lib/action_dispatch/middleware/debug_exceptions.rb:17:in `call'
  actionpack (4.1.2) lib/action_dispatch/middleware/show_exceptions.rb:30:in `call'
  railties (4.1.2) lib/rails/rack/logger.rb:38:in `call_app'
  railties (4.1.2) lib/rails/rack/logger.rb:20:in `block in call'
  activesupport (4.1.2) lib/active_support/tagged_logging.rb:68:in `block in tagged'
  activesupport (4.1.2) lib/active_support/tagged_logging.rb:26:in `tagged'
  activesupport (4.1.2) lib/active_support/tagged_logging.rb:68:in `tagged'
  railties (4.1.2) lib/rails/rack/logger.rb:20:in `call'
  actionpack (4.1.2) lib/action_dispatch/middleware/request_id.rb:21:in `call'
  /usr/lib/ruby/vendor_ruby/rack/methodoverride.rb:21:in `call'
  /usr/lib/ruby/vendor_ruby/rack/runtime.rb:17:in `call'
  activesupport (4.1.2) lib/active_support/cache/strategy/local_cache_middleware.rb:26:in `call'
  /usr/lib/ruby/vendor_ruby/rack/lock.rb:17:in `call'
  actionpack (4.1.2) lib/action_dispatch/middleware/static.rb:64:in `call'
  /usr/lib/ruby/vendor_ruby/rack/sendfile.rb:112:in `call'
  railties (4.1.2) lib/rails/engine.rb:514:in `call'
  railties (4.1.2) lib/rails/application.rb:144:in `call'
  /usr/lib/ruby/vendor_ruby/rack/lock.rb:17:in `call'
  /usr/lib/ruby/vendor_ruby/rack/content_length.rb:14:in `call'
  /usr/lib/ruby/vendor_ruby/rack/handler/webrick.rb:60:in `service'
  /usr/lib/ruby/1.9.1/webrick/httpserver.rb:138:in `service'
  /usr/lib/ruby/1.9.1/webrick/httpserver.rb:94:in `run'
  /usr/lib/ruby/1.9.1/webrick/server.rb:191:in `block in start_thread'


  Rendered /var/lib/gems/1.9.1/gems/actionpack-4.1.2/lib/action_dispatch/middleware/templates/rescues/_source.erb (0.1ms)
  Rendered /var/lib/gems/1.9.1/gems/actionpack-4.1.2/lib/action_dispatch/middleware/templates/rescues/_trace.html.erb (0.9ms)
  Rendered /var/lib/gems/1.9.1/gems/actionpack-4.1.2/lib/action_dispatch/middleware/templates/rescues/_request_and_response.html.erb (1.0ms)
  Rendered /var/lib/gems/1.9.1/gems/actionpack-4.1.2/lib/action_dispatch/middleware/templates/rescues/diagnostics.erb within rescues/layout (20.5ms)
  [1m[36m (5.3ms)[0m  [1mCREATE TABLE "schema_migrations" ("version" varchar(255) NOT NULL) [0m
  [1m[35m (0.1ms)[0m  select sqlite_version(*)
  [1m[36m (8.6ms)[0m  [1mCREATE UNIQUE INDEX "unique_schema_migrations" ON "schema_migrations" ("version")[0m
  [1m[35mActiveRecord::SchemaMigration Load (1.2ms)[0m  SELECT "schema_migrations".* FROM "schema_migrations"
Migrating to CreatePosts (20140630143250)
  [1m[36m (0.1ms)[0m  [1mbegin transaction[0m
  [1m[35m (2.0ms)[0m  CREATE TABLE "posts" ("id" INTEGER PRIMARY KEY AUTOINCREMENT NOT NULL, "title" varchar(255), "content" varchar(255), "created_at" datetime, "updated_at" datetime) 
  [1m[36mSQL (6.5ms)[0m  [1mINSERT INTO "schema_migrations" ("version") VALUES (?)[0m  [["version", "20140630143250"]]
  [1m[35m (1.8ms)[0m  commit transaction
  [1m[36mActiveRecord::SchemaMigration Load (0.7ms)[0m  [1mSELECT "schema_migrations".* FROM "schema_migrations"[0m


Started GET "/" for 10.0.2.2 at 2014-10-04 09:00:33 +0000
  [1m[36mActiveRecord::SchemaMigration Load (1.2ms)[0m  [1mSELECT "schema_migrations".* FROM "schema_migrations"[0m
Processing by PostsController#index as HTML
  [1m[35mPost Load (1.2ms)[0m  SELECT "posts".* FROM "posts"
  Rendered posts/index.html.erb within layouts/application (8.5ms)
Completed 200 OK in 2358ms (Views: 2331.6ms | ActiveRecord: 1.2ms)


Started GET "/assets/twitter-bootstrap-static/bootstrap.css?body=1" for 10.0.2.2 at 2014-10-04 09:00:36 +0000


Started GET "/assets/bootstrap_and_overrides.css?body=1" for 10.0.2.2 at 2014-10-04 09:00:36 +0000


Started GET "/assets/application.css?body=1" for 10.0.2.2 at 2014-10-04 09:00:36 +0000


Started GET "/assets/scaffolds.css?body=1" for 10.0.2.2 at 2014-10-04 09:00:36 +0000


Started GET "/assets/posts.css?body=1" for 10.0.2.2 at 2014-10-04 09:00:36 +0000


Started GET "/assets/jquery.js?body=1" for 10.0.2.2 at 2014-10-04 09:00:36 +0000


Started GET "/assets/jquery_ujs.js?body=1" for 10.0.2.2 at 2014-10-04 09:00:36 +0000


Started GET "/assets/twitter/bootstrap/transition.js?body=1" for 10.0.2.2 at 2014-10-04 09:00:36 +0000


Started GET "/assets/twitter-bootstrap-static/fontawesome.css?body=1" for 10.0.2.2 at 2014-10-04 09:00:37 +0000


Started GET "/assets/twitter/bootstrap/alert.js?body=1" for 10.0.2.2 at 2014-10-04 09:00:37 +0000


Started GET "/assets/twitter/bootstrap/modal.js?body=1" for 10.0.2.2 at 2014-10-04 09:00:37 +0000


Started GET "/assets/twitter/bootstrap/dropdown.js?body=1" for 10.0.2.2 at 2014-10-04 09:00:37 +0000


Started GET "/assets/twitter/bootstrap/scrollspy.js?body=1" for 10.0.2.2 at 2014-10-04 09:00:37 +0000


Started GET "/assets/twitter/bootstrap/tab.js?body=1" for 10.0.2.2 at 2014-10-04 09:00:37 +0000


Started GET "/assets/twitter/bootstrap/tooltip.js?body=1" for 10.0.2.2 at 2014-10-04 09:00:37 +0000


Started GET "/assets/twitter/bootstrap/popover.js?body=1" for 10.0.2.2 at 2014-10-04 09:00:37 +0000


Started GET "/assets/twitter/bootstrap/button.js?body=1" for 10.0.2.2 at 2014-10-04 09:00:37 +0000


Started GET "/assets/twitter/bootstrap/collapse.js?body=1" for 10.0.2.2 at 2014-10-04 09:00:37 +0000


Started GET "/assets/twitter/bootstrap/carousel.js?body=1" for 10.0.2.2 at 2014-10-04 09:00:37 +0000


Started GET "/assets/twitter/bootstrap/affix.js?body=1" for 10.0.2.2 at 2014-10-04 09:00:37 +0000


Started GET "/assets/twitter/bootstrap.js?body=1" for 10.0.2.2 at 2014-10-04 09:00:37 +0000


Started GET "/assets/turbolinks.js?body=1" for 10.0.2.2 at 2014-10-04 09:00:37 +0000


Started GET "/assets/underscore.js?body=1" for 10.0.2.2 at 2014-10-04 09:00:37 +0000


Started GET "/assets/backbone.js?body=1" for 10.0.2.2 at 2014-10-04 09:00:37 +0000


Started GET "/assets/backbone_rails_sync.js?body=1" for 10.0.2.2 at 2014-10-04 09:00:37 +0000


Started GET "/assets/backbone_datalink.js?body=1" for 10.0.2.2 at 2014-10-04 09:00:37 +0000


Started GET "/assets/backbone/blog.js?body=1" for 10.0.2.2 at 2014-10-04 09:00:38 +0000


Started GET "/assets/backbone/templates/posts/edit.js?body=1" for 10.0.2.2 at 2014-10-04 09:00:38 +0000


Started GET "/assets/backbone/templates/posts/index.js?body=1" for 10.0.2.2 at 2014-10-04 09:00:38 +0000


Started GET "/assets/backbone/templates/posts/new.js?body=1" for 10.0.2.2 at 2014-10-04 09:00:38 +0000


Started GET "/assets/backbone/templates/posts/post.js?body=1" for 10.0.2.2 at 2014-10-04 09:00:38 +0000


Started GET "/assets/backbone/templates/posts/show.js?body=1" for 10.0.2.2 at 2014-10-04 09:00:38 +0000


Started GET "/assets/backbone/models/post.js?body=1" for 10.0.2.2 at 2014-10-04 09:00:38 +0000


Started GET "/assets/backbone/views/posts/edit_view.js?body=1" for 10.0.2.2 at 2014-10-04 09:00:38 +0000


Started GET "/assets/backbone/views/posts/index_view.js?body=1" for 10.0.2.2 at 2014-10-04 09:00:38 +0000


Started GET "/assets/backbone/views/posts/new_view.js?body=1" for 10.0.2.2 at 2014-10-04 09:00:38 +0000


Started GET "/assets/backbone/views/posts/post_view.js?body=1" for 10.0.2.2 at 2014-10-04 09:00:38 +0000


Started GET "/assets/backbone/views/posts/show_view.js?body=1" for 10.0.2.2 at 2014-10-04 09:00:38 +0000


Started GET "/assets/backbone/routers/posts_router.js?body=1" for 10.0.2.2 at 2014-10-04 09:00:38 +0000


Started GET "/assets/bootstrap.js?body=1" for 10.0.2.2 at 2014-10-04 09:00:38 +0000


Started GET "/assets/posts.js?body=1" for 10.0.2.2 at 2014-10-04 09:00:38 +0000


Started GET "/assets/application.js?body=1" for 10.0.2.2 at 2014-10-04 09:00:38 +0000


Started GET "/images/favicon.ico" for 10.0.2.2 at 2014-10-04 09:00:38 +0000

ActionController::RoutingError (No route matches [GET] "/images/favicon.ico"):
  actionpack (4.1.2) lib/action_dispatch/middleware/debug_exceptions.rb:21:in `call'
  actionpack (4.1.2) lib/action_dispatch/middleware/show_exceptions.rb:30:in `call'
  railties (4.1.2) lib/rails/rack/logger.rb:38:in `call_app'
  railties (4.1.2) lib/rails/rack/logger.rb:20:in `block in call'
  activesupport (4.1.2) lib/active_support/tagged_logging.rb:68:in `block in tagged'
  activesupport (4.1.2) lib/active_support/tagged_logging.rb:26:in `tagged'
  activesupport (4.1.2) lib/active_support/tagged_logging.rb:68:in `tagged'
  railties (4.1.2) lib/rails/rack/logger.rb:20:in `call'
  actionpack (4.1.2) lib/action_dispatch/middleware/request_id.rb:21:in `call'
  /usr/lib/ruby/vendor_ruby/rack/methodoverride.rb:21:in `call'
  /usr/lib/ruby/vendor_ruby/rack/runtime.rb:17:in `call'
  activesupport (4.1.2) lib/active_support/cache/strategy/local_cache_middleware.rb:26:in `call'
  /usr/lib/ruby/vendor_ruby/rack/lock.rb:17:in `call'
  actionpack (4.1.2) lib/action_dispatch/middleware/static.rb:64:in `call'
  /usr/lib/ruby/vendor_ruby/rack/sendfile.rb:112:in `call'
  railties (4.1.2) lib/rails/engine.rb:514:in `call'
  railties (4.1.2) lib/rails/application.rb:144:in `call'
  /usr/lib/ruby/vendor_ruby/rack/lock.rb:17:in `call'
  /usr/lib/ruby/vendor_ruby/rack/content_length.rb:14:in `call'
  /usr/lib/ruby/vendor_ruby/rack/handler/webrick.rb:60:in `service'
  /usr/lib/ruby/1.9.1/webrick/httpserver.rb:138:in `service'
  /usr/lib/ruby/1.9.1/webrick/httpserver.rb:94:in `run'
  /usr/lib/ruby/1.9.1/webrick/server.rb:191:in `block in start_thread'


  Rendered /var/lib/gems/1.9.1/gems/actionpack-4.1.2/lib/action_dispatch/middleware/templates/rescues/_trace.html.erb (2.4ms)
  Rendered /var/lib/gems/1.9.1/gems/actionpack-4.1.2/lib/action_dispatch/middleware/templates/routes/_route.html.erb (1.0ms)
  Rendered /var/lib/gems/1.9.1/gems/actionpack-4.1.2/lib/action_dispatch/middleware/templates/routes/_table.html.erb (48.2ms)
  Rendered /var/lib/gems/1.9.1/gems/actionpack-4.1.2/lib/action_dispatch/middleware/templates/rescues/routing_error.html.erb within rescues/layout (76.3ms)


Started GET "/path1" for 10.0.2.2 at 2014-10-04 09:00:46 +0000

ActionController::RoutingError (No route matches [GET] "/path1"):
  actionpack (4.1.2) lib/action_dispatch/middleware/debug_exceptions.rb:21:in `call'
  actionpack (4.1.2) lib/action_dispatch/middleware/show_exceptions.rb:30:in `call'
  railties (4.1.2) lib/rails/rack/logger.rb:38:in `call_app'
  railties (4.1.2) lib/rails/rack/logger.rb:20:in `block in call'
  activesupport (4.1.2) lib/active_support/tagged_logging.rb:68:in `block in tagged'
  activesupport (4.1.2) lib/active_support/tagged_logging.rb:26:in `tagged'
  activesupport (4.1.2) lib/active_support/tagged_logging.rb:68:in `tagged'
  railties (4.1.2) lib/rails/rack/logger.rb:20:in `call'
  actionpack (4.1.2) lib/action_dispatch/middleware/request_id.rb:21:in `call'
  /usr/lib/ruby/vendor_ruby/rack/methodoverride.rb:21:in `call'
  /usr/lib/ruby/vendor_ruby/rack/runtime.rb:17:in `call'
  activesupport (4.1.2) lib/active_support/cache/strategy/local_cache_middleware.rb:26:in `call'
  /usr/lib/ruby/vendor_ruby/rack/lock.rb:17:in `call'
  actionpack (4.1.2) lib/action_dispatch/middleware/static.rb:64:in `call'
  /usr/lib/ruby/vendor_ruby/rack/sendfile.rb:112:in `call'
  railties (4.1.2) lib/rails/engine.rb:514:in `call'
  railties (4.1.2) lib/rails/application.rb:144:in `call'
  /usr/lib/ruby/vendor_ruby/rack/lock.rb:17:in `call'
  /usr/lib/ruby/vendor_ruby/rack/content_length.rb:14:in `call'
  /usr/lib/ruby/vendor_ruby/rack/handler/webrick.rb:60:in `service'
  /usr/lib/ruby/1.9.1/webrick/httpserver.rb:138:in `service'
  /usr/lib/ruby/1.9.1/webrick/httpserver.rb:94:in `run'
  /usr/lib/ruby/1.9.1/webrick/server.rb:191:in `block in start_thread'


  Rendered /var/lib/gems/1.9.1/gems/actionpack-4.1.2/lib/action_dispatch/middleware/templates/rescues/_trace.html.erb (0.9ms)
  Rendered /var/lib/gems/1.9.1/gems/actionpack-4.1.2/lib/action_dispatch/middleware/templates/routes/_route.html.erb (0.8ms)
  Rendered /var/lib/gems/1.9.1/gems/actionpack-4.1.2/lib/action_dispatch/middleware/templates/routes/_table.html.erb (1.0ms)
  Rendered /var/lib/gems/1.9.1/gems/actionpack-4.1.2/lib/action_dispatch/middleware/templates/rescues/routing_error.html.erb within rescues/layout (14.6ms)


Started GET "/path1" for 10.0.2.2 at 2014-10-04 09:00:46 +0000

ActionController::RoutingError (No route matches [GET] "/path1"):
  actionpack (4.1.2) lib/action_dispatch/middleware/debug_exceptions.rb:21:in `call'
  actionpack (4.1.2) lib/action_dispatch/middleware/show_exceptions.rb:30:in `call'
  railties (4.1.2) lib/rails/rack/logger.rb:38:in `call_app'
  railties (4.1.2) lib/rails/rack/logger.rb:20:in `block in call'
  activesupport (4.1.2) lib/active_support/tagged_logging.rb:68:in `block in tagged'
  activesupport (4.1.2) lib/active_support/tagged_logging.rb:26:in `tagged'
  activesupport (4.1.2) lib/active_support/tagged_logging.rb:68:in `tagged'
  railties (4.1.2) lib/rails/rack/logger.rb:20:in `call'
  actionpack (4.1.2) lib/action_dispatch/middleware/request_id.rb:21:in `call'
  /usr/lib/ruby/vendor_ruby/rack/methodoverride.rb:21:in `call'
  /usr/lib/ruby/vendor_ruby/rack/runtime.rb:17:in `call'
  activesupport (4.1.2) lib/active_support/cache/strategy/local_cache_middleware.rb:26:in `call'
  /usr/lib/ruby/vendor_ruby/rack/lock.rb:17:in `call'
  actionpack (4.1.2) lib/action_dispatch/middleware/static.rb:64:in `call'
  /usr/lib/ruby/vendor_ruby/rack/sendfile.rb:112:in `call'
  railties (4.1.2) lib/rails/engine.rb:514:in `call'
  railties (4.1.2) lib/rails/application.rb:144:in `call'
  /usr/lib/ruby/vendor_ruby/rack/lock.rb:17:in `call'
  /usr/lib/ruby/vendor_ruby/rack/content_length.rb:14:in `call'
  /usr/lib/ruby/vendor_ruby/rack/handler/webrick.rb:60:in `service'
  /usr/lib/ruby/1.9.1/webrick/httpserver.rb:138:in `service'
  /usr/lib/ruby/1.9.1/webrick/httpserver.rb:94:in `run'
  /usr/lib/ruby/1.9.1/webrick/server.rb:191:in `block in start_thread'


  Rendered /var/lib/gems/1.9.1/gems/actionpack-4.1.2/lib/action_dispatch/middleware/templates/rescues/_trace.html.erb (0.9ms)
  Rendered /var/lib/gems/1.9.1/gems/actionpack-4.1.2/lib/action_dispatch/middleware/templates/routes/_route.html.erb (0.5ms)
  Rendered /var/lib/gems/1.9.1/gems/actionpack-4.1.2/lib/action_dispatch/middleware/templates/routes/_table.html.erb (0.9ms)
  Rendered /var/lib/gems/1.9.1/gems/actionpack-4.1.2/lib/action_dispatch/middleware/templates/rescues/routing_error.html.erb within rescues/layout (13.9ms)


Started GET "/path2" for 10.0.2.2 at 2014-10-04 09:00:49 +0000

ActionController::RoutingError (No route matches [GET] "/path2"):
  actionpack (4.1.2) lib/action_dispatch/middleware/debug_exceptions.rb:21:in `call'
  actionpack (4.1.2) lib/action_dispatch/middleware/show_exceptions.rb:30:in `call'
  railties (4.1.2) lib/rails/rack/logger.rb:38:in `call_app'
  railties (4.1.2) lib/rails/rack/logger.rb:20:in `block in call'
  activesupport (4.1.2) lib/active_support/tagged_logging.rb:68:in `block in tagged'
  activesupport (4.1.2) lib/active_support/tagged_logging.rb:26:in `tagged'
  activesupport (4.1.2) lib/active_support/tagged_logging.rb:68:in `tagged'
  railties (4.1.2) lib/rails/rack/logger.rb:20:in `call'
  actionpack (4.1.2) lib/action_dispatch/middleware/request_id.rb:21:in `call'
  /usr/lib/ruby/vendor_ruby/rack/methodoverride.rb:21:in `call'
  /usr/lib/ruby/vendor_ruby/rack/runtime.rb:17:in `call'
  activesupport (4.1.2) lib/active_support/cache/strategy/local_cache_middleware.rb:26:in `call'
  /usr/lib/ruby/vendor_ruby/rack/lock.rb:17:in `call'
  actionpack (4.1.2) lib/action_dispatch/middleware/static.rb:64:in `call'
  /usr/lib/ruby/vendor_ruby/rack/sendfile.rb:112:in `call'
  railties (4.1.2) lib/rails/engine.rb:514:in `call'
  railties (4.1.2) lib/rails/application.rb:144:in `call'
  /usr/lib/ruby/vendor_ruby/rack/lock.rb:17:in `call'
  /usr/lib/ruby/vendor_ruby/rack/content_length.rb:14:in `call'
  /usr/lib/ruby/vendor_ruby/rack/handler/webrick.rb:60:in `service'
  /usr/lib/ruby/1.9.1/webrick/httpserver.rb:138:in `service'
  /usr/lib/ruby/1.9.1/webrick/httpserver.rb:94:in `run'
  /usr/lib/ruby/1.9.1/webrick/server.rb:191:in `block in start_thread'


  Rendered /var/lib/gems/1.9.1/gems/actionpack-4.1.2/lib/action_dispatch/middleware/templates/rescues/_trace.html.erb (1.0ms)
  Rendered /var/lib/gems/1.9.1/gems/actionpack-4.1.2/lib/action_dispatch/middleware/templates/routes/_route.html.erb (0.5ms)
  Rendered /var/lib/gems/1.9.1/gems/actionpack-4.1.2/lib/action_dispatch/middleware/templates/routes/_table.html.erb (1.0ms)
  Rendered /var/lib/gems/1.9.1/gems/actionpack-4.1.2/lib/action_dispatch/middleware/templates/rescues/routing_error.html.erb within rescues/layout (13.5ms)


Started GET "/path2" for 10.0.2.2 at 2014-10-04 09:00:49 +0000

ActionController::RoutingError (No route matches [GET] "/path2"):
  actionpack (4.1.2) lib/action_dispatch/middleware/debug_exceptions.rb:21:in `call'
  actionpack (4.1.2) lib/action_dispatch/middleware/show_exceptions.rb:30:in `call'
  railties (4.1.2) lib/rails/rack/logger.rb:38:in `call_app'
  railties (4.1.2) lib/rails/rack/logger.rb:20:in `block in call'
  activesupport (4.1.2) lib/active_support/tagged_logging.rb:68:in `block in tagged'
  activesupport (4.1.2) lib/active_support/tagged_logging.rb:26:in `tagged'
  activesupport (4.1.2) lib/active_support/tagged_logging.rb:68:in `tagged'
  railties (4.1.2) lib/rails/rack/logger.rb:20:in `call'
  actionpack (4.1.2) lib/action_dispatch/middleware/request_id.rb:21:in `call'
  /usr/lib/ruby/vendor_ruby/rack/methodoverride.rb:21:in `call'
  /usr/lib/ruby/vendor_ruby/rack/runtime.rb:17:in `call'
  activesupport (4.1.2) lib/active_support/cache/strategy/local_cache_middleware.rb:26:in `call'
  /usr/lib/ruby/vendor_ruby/rack/lock.rb:17:in `call'
  actionpack (4.1.2) lib/action_dispatch/middleware/static.rb:64:in `call'
  /usr/lib/ruby/vendor_ruby/rack/sendfile.rb:112:in `call'
  railties (4.1.2) lib/rails/engine.rb:514:in `call'
  railties (4.1.2) lib/rails/application.rb:144:in `call'
  /usr/lib/ruby/vendor_ruby/rack/lock.rb:17:in `call'
  /usr/lib/ruby/vendor_ruby/rack/content_length.rb:14:in `call'
  /usr/lib/ruby/vendor_ruby/rack/handler/webrick.rb:60:in `service'
  /usr/lib/ruby/1.9.1/webrick/httpserver.rb:138:in `service'
  /usr/lib/ruby/1.9.1/webrick/httpserver.rb:94:in `run'
  /usr/lib/ruby/1.9.1/webrick/server.rb:191:in `block in start_thread'


  Rendered /var/lib/gems/1.9.1/gems/actionpack-4.1.2/lib/action_dispatch/middleware/templates/rescues/_trace.html.erb (0.7ms)
  Rendered /var/lib/gems/1.9.1/gems/actionpack-4.1.2/lib/action_dispatch/middleware/templates/routes/_route.html.erb (1.3ms)
  Rendered /var/lib/gems/1.9.1/gems/actionpack-4.1.2/lib/action_dispatch/middleware/templates/routes/_table.html.erb (1.2ms)
  Rendered /var/lib/gems/1.9.1/gems/actionpack-4.1.2/lib/action_dispatch/middleware/templates/rescues/routing_error.html.erb within rescues/layout (14.0ms)


Started GET "/path1" for 10.0.2.2 at 2014-10-04 09:00:52 +0000

ActionController::RoutingError (No route matches [GET] "/path1"):
  actionpack (4.1.2) lib/action_dispatch/middleware/debug_exceptions.rb:21:in `call'
  actionpack (4.1.2) lib/action_dispatch/middleware/show_exceptions.rb:30:in `call'
  railties (4.1.2) lib/rails/rack/logger.rb:38:in `call_app'
  railties (4.1.2) lib/rails/rack/logger.rb:20:in `block in call'
  activesupport (4.1.2) lib/active_support/tagged_logging.rb:68:in `block in tagged'
  activesupport (4.1.2) lib/active_support/tagged_logging.rb:26:in `tagged'
  activesupport (4.1.2) lib/active_support/tagged_logging.rb:68:in `tagged'
  railties (4.1.2) lib/rails/rack/logger.rb:20:in `call'
  actionpack (4.1.2) lib/action_dispatch/middleware/request_id.rb:21:in `call'
  /usr/lib/ruby/vendor_ruby/rack/methodoverride.rb:21:in `call'
  /usr/lib/ruby/vendor_ruby/rack/runtime.rb:17:in `call'
  activesupport (4.1.2) lib/active_support/cache/strategy/local_cache_middleware.rb:26:in `call'
  /usr/lib/ruby/vendor_ruby/rack/lock.rb:17:in `call'
  actionpack (4.1.2) lib/action_dispatch/middleware/static.rb:64:in `call'
  /usr/lib/ruby/vendor_ruby/rack/sendfile.rb:112:in `call'
  railties (4.1.2) lib/rails/engine.rb:514:in `call'
  railties (4.1.2) lib/rails/application.rb:144:in `call'
  /usr/lib/ruby/vendor_ruby/rack/lock.rb:17:in `call'
  /usr/lib/ruby/vendor_ruby/rack/content_length.rb:14:in `call'
  /usr/lib/ruby/vendor_ruby/rack/handler/webrick.rb:60:in `service'
  /usr/lib/ruby/1.9.1/webrick/httpserver.rb:138:in `service'
  /usr/lib/ruby/1.9.1/webrick/httpserver.rb:94:in `run'
  /usr/lib/ruby/1.9.1/webrick/server.rb:191:in `block in start_thread'


  Rendered /var/lib/gems/1.9.1/gems/actionpack-4.1.2/lib/action_dispatch/middleware/templates/rescues/_trace.html.erb (0.7ms)
  Rendered /var/lib/gems/1.9.1/gems/actionpack-4.1.2/lib/action_dispatch/middleware/templates/routes/_route.html.erb (0.8ms)
  Rendered /var/lib/gems/1.9.1/gems/actionpack-4.1.2/lib/action_dispatch/middleware/templates/routes/_table.html.erb (0.8ms)
  Rendered /var/lib/gems/1.9.1/gems/actionpack-4.1.2/lib/action_dispatch/middleware/templates/rescues/routing_error.html.erb within rescues/layout (12.4ms)


Started GET "/path1" for 10.0.2.2 at 2014-10-04 09:00:52 +0000

ActionController::RoutingError (No route matches [GET] "/path1"):
  actionpack (4.1.2) lib/action_dispatch/middleware/debug_exceptions.rb:21:in `call'
  actionpack (4.1.2) lib/action_dispatch/middleware/show_exceptions.rb:30:in `call'
  railties (4.1.2) lib/rails/rack/logger.rb:38:in `call_app'
  railties (4.1.2) lib/rails/rack/logger.rb:20:in `block in call'
  activesupport (4.1.2) lib/active_support/tagged_logging.rb:68:in `block in tagged'
  activesupport (4.1.2) lib/active_support/tagged_logging.rb:26:in `tagged'
  activesupport (4.1.2) lib/active_support/tagged_logging.rb:68:in `tagged'
  railties (4.1.2) lib/rails/rack/logger.rb:20:in `call'
  actionpack (4.1.2) lib/action_dispatch/middleware/request_id.rb:21:in `call'
  /usr/lib/ruby/vendor_ruby/rack/methodoverride.rb:21:in `call'
  /usr/lib/ruby/vendor_ruby/rack/runtime.rb:17:in `call'
  activesupport (4.1.2) lib/active_support/cache/strategy/local_cache_middleware.rb:26:in `call'
  /usr/lib/ruby/vendor_ruby/rack/lock.rb:17:in `call'
  actionpack (4.1.2) lib/action_dispatch/middleware/static.rb:64:in `call'
  /usr/lib/ruby/vendor_ruby/rack/sendfile.rb:112:in `call'
  railties (4.1.2) lib/rails/engine.rb:514:in `call'
  railties (4.1.2) lib/rails/application.rb:144:in `call'
  /usr/lib/ruby/vendor_ruby/rack/lock.rb:17:in `call'
  /usr/lib/ruby/vendor_ruby/rack/content_length.rb:14:in `call'
  /usr/lib/ruby/vendor_ruby/rack/handler/webrick.rb:60:in `service'
  /usr/lib/ruby/1.9.1/webrick/httpserver.rb:138:in `service'
  /usr/lib/ruby/1.9.1/webrick/httpserver.rb:94:in `run'
  /usr/lib/ruby/1.9.1/webrick/server.rb:191:in `block in start_thread'


  Rendered /var/lib/gems/1.9.1/gems/actionpack-4.1.2/lib/action_dispatch/middleware/templates/rescues/_trace.html.erb (0.6ms)
  Rendered /var/lib/gems/1.9.1/gems/actionpack-4.1.2/lib/action_dispatch/middleware/templates/routes/_route.html.erb (0.9ms)
  Rendered /var/lib/gems/1.9.1/gems/actionpack-4.1.2/lib/action_dispatch/middleware/templates/routes/_table.html.erb (1.1ms)
  Rendered /var/lib/gems/1.9.1/gems/actionpack-4.1.2/lib/action_dispatch/middleware/templates/rescues/routing_error.html.erb within rescues/layout (13.9ms)


Started GET "/path2" for 10.0.2.2 at 2014-10-04 09:00:54 +0000

ActionController::RoutingError (No route matches [GET] "/path2"):
  actionpack (4.1.2) lib/action_dispatch/middleware/debug_exceptions.rb:21:in `call'
  actionpack (4.1.2) lib/action_dispatch/middleware/show_exceptions.rb:30:in `call'
  railties (4.1.2) lib/rails/rack/logger.rb:38:in `call_app'
  railties (4.1.2) lib/rails/rack/logger.rb:20:in `block in call'
  activesupport (4.1.2) lib/active_support/tagged_logging.rb:68:in `block in tagged'
  activesupport (4.1.2) lib/active_support/tagged_logging.rb:26:in `tagged'
  activesupport (4.1.2) lib/active_support/tagged_logging.rb:68:in `tagged'
  railties (4.1.2) lib/rails/rack/logger.rb:20:in `call'
  actionpack (4.1.2) lib/action_dispatch/middleware/request_id.rb:21:in `call'
  /usr/lib/ruby/vendor_ruby/rack/methodoverride.rb:21:in `call'
  /usr/lib/ruby/vendor_ruby/rack/runtime.rb:17:in `call'
  activesupport (4.1.2) lib/active_support/cache/strategy/local_cache_middleware.rb:26:in `call'
  /usr/lib/ruby/vendor_ruby/rack/lock.rb:17:in `call'
  actionpack (4.1.2) lib/action_dispatch/middleware/static.rb:64:in `call'
  /usr/lib/ruby/vendor_ruby/rack/sendfile.rb:112:in `call'
  railties (4.1.2) lib/rails/engine.rb:514:in `call'
  railties (4.1.2) lib/rails/application.rb:144:in `call'
  /usr/lib/ruby/vendor_ruby/rack/lock.rb:17:in `call'
  /usr/lib/ruby/vendor_ruby/rack/content_length.rb:14:in `call'
  /usr/lib/ruby/vendor_ruby/rack/handler/webrick.rb:60:in `service'
  /usr/lib/ruby/1.9.1/webrick/httpserver.rb:138:in `service'
  /usr/lib/ruby/1.9.1/webrick/httpserver.rb:94:in `run'
  /usr/lib/ruby/1.9.1/webrick/server.rb:191:in `block in start_thread'


  Rendered /var/lib/gems/1.9.1/gems/actionpack-4.1.2/lib/action_dispatch/middleware/templates/rescues/_trace.html.erb (0.7ms)
  Rendered /var/lib/gems/1.9.1/gems/actionpack-4.1.2/lib/action_dispatch/middleware/templates/routes/_route.html.erb (0.8ms)
  Rendered /var/lib/gems/1.9.1/gems/actionpack-4.1.2/lib/action_dispatch/middleware/templates/routes/_table.html.erb (0.7ms)
  Rendered /var/lib/gems/1.9.1/gems/actionpack-4.1.2/lib/action_dispatch/middleware/templates/rescues/routing_error.html.erb within rescues/layout (11.9ms)


Started GET "/path2" for 10.0.2.2 at 2014-10-04 09:00:54 +0000

ActionController::RoutingError (No route matches [GET] "/path2"):
  actionpack (4.1.2) lib/action_dispatch/middleware/debug_exceptions.rb:21:in `call'
  actionpack (4.1.2) lib/action_dispatch/middleware/show_exceptions.rb:30:in `call'
  railties (4.1.2) lib/rails/rack/logger.rb:38:in `call_app'
  railties (4.1.2) lib/rails/rack/logger.rb:20:in `block in call'
  activesupport (4.1.2) lib/active_support/tagged_logging.rb:68:in `block in tagged'
  activesupport (4.1.2) lib/active_support/tagged_logging.rb:26:in `tagged'
  activesupport (4.1.2) lib/active_support/tagged_logging.rb:68:in `tagged'
  railties (4.1.2) lib/rails/rack/logger.rb:20:in `call'
  actionpack (4.1.2) lib/action_dispatch/middleware/request_id.rb:21:in `call'
  /usr/lib/ruby/vendor_ruby/rack/methodoverride.rb:21:in `call'
  /usr/lib/ruby/vendor_ruby/rack/runtime.rb:17:in `call'
  activesupport (4.1.2) lib/active_support/cache/strategy/local_cache_middleware.rb:26:in `call'
  /usr/lib/ruby/vendor_ruby/rack/lock.rb:17:in `call'
  actionpack (4.1.2) lib/action_dispatch/middleware/static.rb:64:in `call'
  /usr/lib/ruby/vendor_ruby/rack/sendfile.rb:112:in `call'
  railties (4.1.2) lib/rails/engine.rb:514:in `call'
  railties (4.1.2) lib/rails/application.rb:144:in `call'
  /usr/lib/ruby/vendor_ruby/rack/lock.rb:17:in `call'
  /usr/lib/ruby/vendor_ruby/rack/content_length.rb:14:in `call'
  /usr/lib/ruby/vendor_ruby/rack/handler/webrick.rb:60:in `service'
  /usr/lib/ruby/1.9.1/webrick/httpserver.rb:138:in `service'
  /usr/lib/ruby/1.9.1/webrick/httpserver.rb:94:in `run'
  /usr/lib/ruby/1.9.1/webrick/server.rb:191:in `block in start_thread'


  Rendered /var/lib/gems/1.9.1/gems/actionpack-4.1.2/lib/action_dispatch/middleware/templates/rescues/_trace.html.erb (0.7ms)
  Rendered /var/lib/gems/1.9.1/gems/actionpack-4.1.2/lib/action_dispatch/middleware/templates/routes/_route.html.erb (0.9ms)
  Rendered /var/lib/gems/1.9.1/gems/actionpack-4.1.2/lib/action_dispatch/middleware/templates/routes/_table.html.erb (1.0ms)
  Rendered /var/lib/gems/1.9.1/gems/actionpack-4.1.2/lib/action_dispatch/middleware/templates/rescues/routing_error.html.erb within rescues/layout (14.2ms)


Started GET "/path3" for 10.0.2.2 at 2014-10-04 09:00:57 +0000

ActionController::RoutingError (No route matches [GET] "/path3"):
  actionpack (4.1.2) lib/action_dispatch/middleware/debug_exceptions.rb:21:in `call'
  actionpack (4.1.2) lib/action_dispatch/middleware/show_exceptions.rb:30:in `call'
  railties (4.1.2) lib/rails/rack/logger.rb:38:in `call_app'
  railties (4.1.2) lib/rails/rack/logger.rb:20:in `block in call'
  activesupport (4.1.2) lib/active_support/tagged_logging.rb:68:in `block in tagged'
  activesupport (4.1.2) lib/active_support/tagged_logging.rb:26:in `tagged'
  activesupport (4.1.2) lib/active_support/tagged_logging.rb:68:in `tagged'
  railties (4.1.2) lib/rails/rack/logger.rb:20:in `call'
  actionpack (4.1.2) lib/action_dispatch/middleware/request_id.rb:21:in `call'
  /usr/lib/ruby/vendor_ruby/rack/methodoverride.rb:21:in `call'
  /usr/lib/ruby/vendor_ruby/rack/runtime.rb:17:in `call'
  activesupport (4.1.2) lib/active_support/cache/strategy/local_cache_middleware.rb:26:in `call'
  /usr/lib/ruby/vendor_ruby/rack/lock.rb:17:in `call'
  actionpack (4.1.2) lib/action_dispatch/middleware/static.rb:64:in `call'
  /usr/lib/ruby/vendor_ruby/rack/sendfile.rb:112:in `call'
  railties (4.1.2) lib/rails/engine.rb:514:in `call'
  railties (4.1.2) lib/rails/application.rb:144:in `call'
  /usr/lib/ruby/vendor_ruby/rack/lock.rb:17:in `call'
  /usr/lib/ruby/vendor_ruby/rack/content_length.rb:14:in `call'
  /usr/lib/ruby/vendor_ruby/rack/handler/webrick.rb:60:in `service'
  /usr/lib/ruby/1.9.1/webrick/httpserver.rb:138:in `service'
  /usr/lib/ruby/1.9.1/webrick/httpserver.rb:94:in `run'
  /usr/lib/ruby/1.9.1/webrick/server.rb:191:in `block in start_thread'


  Rendered /var/lib/gems/1.9.1/gems/actionpack-4.1.2/lib/action_dispatch/middleware/templates/rescues/_trace.html.erb (0.7ms)
  Rendered /var/lib/gems/1.9.1/gems/actionpack-4.1.2/lib/action_dispatch/middleware/templates/routes/_route.html.erb (1.0ms)
  Rendered /var/lib/gems/1.9.1/gems/actionpack-4.1.2/lib/action_dispatch/middleware/templates/routes/_table.html.erb (0.9ms)
  Rendered /var/lib/gems/1.9.1/gems/actionpack-4.1.2/lib/action_dispatch/middleware/templates/rescues/routing_error.html.erb within rescues/layout (14.3ms)


Started GET "/path3" for 10.0.2.2 at 2014-10-04 09:00:57 +0000

ActionController::RoutingError (No route matches [GET] "/path3"):
  actionpack (4.1.2) lib/action_dispatch/middleware/debug_exceptions.rb:21:in `call'
  actionpack (4.1.2) lib/action_dispatch/middleware/show_exceptions.rb:30:in `call'
  railties (4.1.2) lib/rails/rack/logger.rb:38:in `call_app'
  railties (4.1.2) lib/rails/rack/logger.rb:20:in `block in call'
  activesupport (4.1.2) lib/active_support/tagged_logging.rb:68:in `block in tagged'
  activesupport (4.1.2) lib/active_support/tagged_logging.rb:26:in `tagged'
  activesupport (4.1.2) lib/active_support/tagged_logging.rb:68:in `tagged'
  railties (4.1.2) lib/rails/rack/logger.rb:20:in `call'
  actionpack (4.1.2) lib/action_dispatch/middleware/request_id.rb:21:in `call'
  /usr/lib/ruby/vendor_ruby/rack/methodoverride.rb:21:in `call'
  /usr/lib/ruby/vendor_ruby/rack/runtime.rb:17:in `call'
  activesupport (4.1.2) lib/active_support/cache/strategy/local_cache_middleware.rb:26:in `call'
  /usr/lib/ruby/vendor_ruby/rack/lock.rb:17:in `call'
  actionpack (4.1.2) lib/action_dispatch/middleware/static.rb:64:in `call'
  /usr/lib/ruby/vendor_ruby/rack/sendfile.rb:112:in `call'
  railties (4.1.2) lib/rails/engine.rb:514:in `call'
  railties (4.1.2) lib/rails/application.rb:144:in `call'
  /usr/lib/ruby/vendor_ruby/rack/lock.rb:17:in `call'
  /usr/lib/ruby/vendor_ruby/rack/content_length.rb:14:in `call'
  /usr/lib/ruby/vendor_ruby/rack/handler/webrick.rb:60:in `service'
  /usr/lib/ruby/1.9.1/webrick/httpserver.rb:138:in `service'
  /usr/lib/ruby/1.9.1/webrick/httpserver.rb:94:in `run'
  /usr/lib/ruby/1.9.1/webrick/server.rb:191:in `block in start_thread'


  Rendered /var/lib/gems/1.9.1/gems/actionpack-4.1.2/lib/action_dispatch/middleware/templates/rescues/_trace.html.erb (0.8ms)
  Rendered /var/lib/gems/1.9.1/gems/actionpack-4.1.2/lib/action_dispatch/middleware/templates/routes/_route.html.erb (1.0ms)
  Rendered /var/lib/gems/1.9.1/gems/actionpack-4.1.2/lib/action_dispatch/middleware/templates/routes/_table.html.erb (0.8ms)
  Rendered /var/lib/gems/1.9.1/gems/actionpack-4.1.2/lib/action_dispatch/middleware/templates/rescues/routing_error.html.erb within rescues/layout (14.0ms)


Started GET "/assets/favicon.png" for 10.0.2.2 at 2014-10-04 09:01:00 +0000

ActionController::RoutingError (No route matches [GET] "/assets/favicon.png"):
  actionpack (4.1.2) lib/action_dispatch/middleware/debug_exceptions.rb:21:in `call'
  actionpack (4.1.2) lib/action_dispatch/middleware/show_exceptions.rb:30:in `call'
  railties (4.1.2) lib/rails/rack/logger.rb:38:in `call_app'
  railties (4.1.2) lib/rails/rack/logger.rb:20:in `block in call'
  activesupport (4.1.2) lib/active_support/tagged_logging.rb:68:in `block in tagged'
  activesupport (4.1.2) lib/active_support/tagged_logging.rb:26:in `tagged'
  activesupport (4.1.2) lib/active_support/tagged_logging.rb:68:in `tagged'
  railties (4.1.2) lib/rails/rack/logger.rb:20:in `call'
  actionpack (4.1.2) lib/action_dispatch/middleware/request_id.rb:21:in `call'
  /usr/lib/ruby/vendor_ruby/rack/methodoverride.rb:21:in `call'
  /usr/lib/ruby/vendor_ruby/rack/runtime.rb:17:in `call'
  activesupport (4.1.2) lib/active_support/cache/strategy/local_cache_middleware.rb:26:in `call'
  /usr/lib/ruby/vendor_ruby/rack/lock.rb:17:in `call'
  actionpack (4.1.2) lib/action_dispatch/middleware/static.rb:64:in `call'
  /usr/lib/ruby/vendor_ruby/rack/sendfile.rb:112:in `call'
  railties (4.1.2) lib/rails/engine.rb:514:in `call'
  railties (4.1.2) lib/rails/application.rb:144:in `call'
  /usr/lib/ruby/vendor_ruby/rack/lock.rb:17:in `call'
  /usr/lib/ruby/vendor_ruby/rack/content_length.rb:14:in `call'
  /usr/lib/ruby/vendor_ruby/rack/handler/webrick.rb:60:in `service'
  /usr/lib/ruby/1.9.1/webrick/httpserver.rb:138:in `service'
  /usr/lib/ruby/1.9.1/webrick/httpserver.rb:94:in `run'
  /usr/lib/ruby/1.9.1/webrick/server.rb:191:in `block in start_thread'


  Rendered /var/lib/gems/1.9.1/gems/actionpack-4.1.2/lib/action_dispatch/middleware/templates/rescues/_trace.html.erb (1.0ms)
  Rendered /var/lib/gems/1.9.1/gems/actionpack-4.1.2/lib/action_dispatch/middleware/templates/routes/_route.html.erb (1.5ms)
  Rendered /var/lib/gems/1.9.1/gems/actionpack-4.1.2/lib/action_dispatch/middleware/templates/routes/_table.html.erb (1.9ms)
  Rendered /var/lib/gems/1.9.1/gems/actionpack-4.1.2/lib/action_dispatch/middleware/templates/rescues/routing_error.html.erb within rescues/layout (18.8ms)


Started POST "/posts" for 10.0.2.2 at 2014-10-04 09:01:05 +0000
Processing by PostsController#create as JSON
  Parameters: {"post"=>{"title"=>"test", "content"=>"hoho"}}
  [1m[36m (0.1ms)[0m  [1mbegin transaction[0m
  [1m[35mSQL (3.3ms)[0m  INSERT INTO "posts" ("content", "created_at", "title", "updated_at") VALUES (?, ?, ?, ?)  [["content", "hoho"], ["created_at", "2014-10-04 09:01:05.504716"], ["title", "test"], ["updated_at", "2014-10-04 09:01:05.504716"]]
  [1m[36m (1.8ms)[0m  [1mcommit transaction[0m
  Rendered posts/show.json.jbuilder (11.4ms)
Completed 201 Created in 105ms (Views: 54.5ms | ActiveRecord: 7.4ms)


Started POST "/posts" for 10.0.2.2 at 2014-10-04 09:01:13 +0000
Processing by PostsController#create as JSON
  Parameters: {"post"=>{"title"=>"yeeeeeeeeeees", "content"=>nil}}
  [1m[35m (0.1ms)[0m  begin transaction
  [1m[36mSQL (2.8ms)[0m  [1mINSERT INTO "posts" ("created_at", "title", "updated_at") VALUES (?, ?, ?)[0m  [["created_at", "2014-10-04 09:01:13.369601"], ["title", "yeeeeeeeeeees"], ["updated_at", "2014-10-04 09:01:13.369601"]]
  [1m[35m (2.2ms)[0m  commit transaction
  Rendered posts/show.json.jbuilder (0.9ms)
Completed 201 Created in 56ms (Views: 45.6ms | ActiveRecord: 5.1ms)


Started PUT "/posts/2" for 10.0.2.2 at 2014-10-04 09:01:22 +0000
Processing by PostsController#update as JSON
  Parameters: {"post"=>{"title"=>"yeeeeeeeeeees", "content"=>"sdff", "id"=>2, "created_at"=>"2014-10-04T09:01:13.369Z", "updated_at"=>"2014-10-04T09:01:13.369Z"}, "id"=>"2"}
  [1m[36mPost Load (1.1ms)[0m  [1mSELECT  "posts".* FROM "posts"  WHERE "posts"."id" = ? LIMIT 1[0m  [["id", 2]]
Unpermitted parameters: id, created_at, updated_at
  [1m[35m (0.1ms)[0m  begin transaction
  [1m[36mSQL (2.2ms)[0m  [1mUPDATE "posts" SET "content" = ?, "updated_at" = ? WHERE "posts"."id" = 2[0m  [["content", "sdff"], ["updated_at", "2014-10-04 09:01:22.817192"]]
  [1m[35m (1.7ms)[0m  commit transaction
  Rendered posts/show.json.jbuilder (1.0ms)
Completed 200 OK in 52ms (Views: 40.0ms | ActiveRecord: 5.1ms)


Started GET "/path1" for 10.0.2.2 at 2014-10-04 09:01:25 +0000

ActionController::RoutingError (No route matches [GET] "/path1"):
  actionpack (4.1.2) lib/action_dispatch/middleware/debug_exceptions.rb:21:in `call'
  actionpack (4.1.2) lib/action_dispatch/middleware/show_exceptions.rb:30:in `call'
  railties (4.1.2) lib/rails/rack/logger.rb:38:in `call_app'
  railties (4.1.2) lib/rails/rack/logger.rb:20:in `block in call'
  activesupport (4.1.2) lib/active_support/tagged_logging.rb:68:in `block in tagged'
  activesupport (4.1.2) lib/active_support/tagged_logging.rb:26:in `tagged'
  activesupport (4.1.2) lib/active_support/tagged_logging.rb:68:in `tagged'
  railties (4.1.2) lib/rails/rack/logger.rb:20:in `call'
  actionpack (4.1.2) lib/action_dispatch/middleware/request_id.rb:21:in `call'
  /usr/lib/ruby/vendor_ruby/rack/methodoverride.rb:21:in `call'
  /usr/lib/ruby/vendor_ruby/rack/runtime.rb:17:in `call'
  activesupport (4.1.2) lib/active_support/cache/strategy/local_cache_middleware.rb:26:in `call'
  /usr/lib/ruby/vendor_ruby/rack/lock.rb:17:in `call'
  actionpack (4.1.2) lib/action_dispatch/middleware/static.rb:64:in `call'
  /usr/lib/ruby/vendor_ruby/rack/sendfile.rb:112:in `call'
  railties (4.1.2) lib/rails/engine.rb:514:in `call'
  railties (4.1.2) lib/rails/application.rb:144:in `call'
  /usr/lib/ruby/vendor_ruby/rack/lock.rb:17:in `call'
  /usr/lib/ruby/vendor_ruby/rack/content_length.rb:14:in `call'
  /usr/lib/ruby/vendor_ruby/rack/handler/webrick.rb:60:in `service'
  /usr/lib/ruby/1.9.1/webrick/httpserver.rb:138:in `service'
  /usr/lib/ruby/1.9.1/webrick/httpserver.rb:94:in `run'
  /usr/lib/ruby/1.9.1/webrick/server.rb:191:in `block in start_thread'


  Rendered /var/lib/gems/1.9.1/gems/actionpack-4.1.2/lib/action_dispatch/middleware/templates/rescues/_trace.html.erb (0.7ms)
  Rendered /var/lib/gems/1.9.1/gems/actionpack-4.1.2/lib/action_dispatch/middleware/templates/routes/_route.html.erb (1.8ms)
  Rendered /var/lib/gems/1.9.1/gems/actionpack-4.1.2/lib/action_dispatch/middleware/templates/routes/_table.html.erb (1.0ms)
  Rendered /var/lib/gems/1.9.1/gems/actionpack-4.1.2/lib/action_dispatch/middleware/templates/rescues/routing_error.html.erb within rescues/layout (16.0ms)


Started GET "/path1" for 10.0.2.2 at 2014-10-04 09:01:25 +0000

ActionController::RoutingError (No route matches [GET] "/path1"):
  actionpack (4.1.2) lib/action_dispatch/middleware/debug_exceptions.rb:21:in `call'
  actionpack (4.1.2) lib/action_dispatch/middleware/show_exceptions.rb:30:in `call'
  railties (4.1.2) lib/rails/rack/logger.rb:38:in `call_app'
  railties (4.1.2) lib/rails/rack/logger.rb:20:in `block in call'
  activesupport (4.1.2) lib/active_support/tagged_logging.rb:68:in `block in tagged'
  activesupport (4.1.2) lib/active_support/tagged_logging.rb:26:in `tagged'
  activesupport (4.1.2) lib/active_support/tagged_logging.rb:68:in `tagged'
  railties (4.1.2) lib/rails/rack/logger.rb:20:in `call'
  actionpack (4.1.2) lib/action_dispatch/middleware/request_id.rb:21:in `call'
  /usr/lib/ruby/vendor_ruby/rack/methodoverride.rb:21:in `call'
  /usr/lib/ruby/vendor_ruby/rack/runtime.rb:17:in `call'
  activesupport (4.1.2) lib/active_support/cache/strategy/local_cache_middleware.rb:26:in `call'
  /usr/lib/ruby/vendor_ruby/rack/lock.rb:17:in `call'
  actionpack (4.1.2) lib/action_dispatch/middleware/static.rb:64:in `call'
  /usr/lib/ruby/vendor_ruby/rack/sendfile.rb:112:in `call'
  railties (4.1.2) lib/rails/engine.rb:514:in `call'
  railties (4.1.2) lib/rails/application.rb:144:in `call'
  /usr/lib/ruby/vendor_ruby/rack/lock.rb:17:in `call'
  /usr/lib/ruby/vendor_ruby/rack/content_length.rb:14:in `call'
  /usr/lib/ruby/vendor_ruby/rack/handler/webrick.rb:60:in `service'
  /usr/lib/ruby/1.9.1/webrick/httpserver.rb:138:in `service'
  /usr/lib/ruby/1.9.1/webrick/httpserver.rb:94:in `run'
  /usr/lib/ruby/1.9.1/webrick/server.rb:191:in `block in start_thread'


  Rendered /var/lib/gems/1.9.1/gems/actionpack-4.1.2/lib/action_dispatch/middleware/templates/rescues/_trace.html.erb (0.9ms)
  Rendered /var/lib/gems/1.9.1/gems/actionpack-4.1.2/lib/action_dispatch/middleware/templates/routes/_route.html.erb (0.9ms)
  Rendered /var/lib/gems/1.9.1/gems/actionpack-4.1.2/lib/action_dispatch/middleware/templates/routes/_table.html.erb (1.4ms)
  Rendered /var/lib/gems/1.9.1/gems/actionpack-4.1.2/lib/action_dispatch/middleware/templates/rescues/routing_error.html.erb within rescues/layout (14.2ms)


Started GET "/" for 10.0.2.2 at 2014-10-04 09:20:32 +0000
  [1m[36mActiveRecord::SchemaMigration Load (1.3ms)[0m  [1mSELECT "schema_migrations".* FROM "schema_migrations"[0m
Processing by PostsController#index as HTML
  [1m[35mPost Load (0.6ms)[0m  SELECT "posts".* FROM "posts"
  Rendered posts/index.html.erb within layouts/application (14.9ms)
Completed 200 OK in 1858ms (Views: 1829.4ms | ActiveRecord: 3.2ms)


Started GET "/assets/twitter-bootstrap-static/bootstrap.css?body=1" for 10.0.2.2 at 2014-10-04 09:20:36 +0000


Started GET "/assets/application.css?body=1" for 10.0.2.2 at 2014-10-04 09:20:36 +0000


Started GET "/assets/scaffolds.css?body=1" for 10.0.2.2 at 2014-10-04 09:20:36 +0000


Started GET "/assets/jquery.js?body=1" for 10.0.2.2 at 2014-10-04 09:20:36 +0000


Started GET "/assets/posts.css?body=1" for 10.0.2.2 at 2014-10-04 09:20:36 +0000


Started GET "/assets/bootstrap_and_overrides.css?body=1" for 10.0.2.2 at 2014-10-04 09:20:36 +0000


Started GET "/assets/jquery_ujs.js?body=1" for 10.0.2.2 at 2014-10-04 09:20:37 +0000


Started GET "/assets/twitter/bootstrap/transition.js?body=1" for 10.0.2.2 at 2014-10-04 09:20:37 +0000


Started GET "/assets/twitter-bootstrap-static/fontawesome.css?body=1" for 10.0.2.2 at 2014-10-04 09:20:37 +0000


Started GET "/assets/twitter/bootstrap/alert.js?body=1" for 10.0.2.2 at 2014-10-04 09:20:37 +0000


Started GET "/assets/twitter/bootstrap/modal.js?body=1" for 10.0.2.2 at 2014-10-04 09:20:37 +0000


Started GET "/assets/twitter/bootstrap/dropdown.js?body=1" for 10.0.2.2 at 2014-10-04 09:20:37 +0000


Started GET "/assets/twitter/bootstrap/scrollspy.js?body=1" for 10.0.2.2 at 2014-10-04 09:20:37 +0000


Started GET "/assets/twitter/bootstrap/tab.js?body=1" for 10.0.2.2 at 2014-10-04 09:20:37 +0000


Started GET "/assets/twitter/bootstrap/tooltip.js?body=1" for 10.0.2.2 at 2014-10-04 09:20:37 +0000


Started GET "/assets/twitter/bootstrap/popover.js?body=1" for 10.0.2.2 at 2014-10-04 09:20:37 +0000


Started GET "/assets/twitter/bootstrap/button.js?body=1" for 10.0.2.2 at 2014-10-04 09:20:37 +0000


Started GET "/assets/twitter/bootstrap/collapse.js?body=1" for 10.0.2.2 at 2014-10-04 09:20:37 +0000


Started GET "/assets/twitter/bootstrap/carousel.js?body=1" for 10.0.2.2 at 2014-10-04 09:20:37 +0000


Started GET "/assets/twitter/bootstrap/affix.js?body=1" for 10.0.2.2 at 2014-10-04 09:20:37 +0000


Started GET "/assets/twitter/bootstrap.js?body=1" for 10.0.2.2 at 2014-10-04 09:20:37 +0000


Started GET "/assets/turbolinks.js?body=1" for 10.0.2.2 at 2014-10-04 09:20:37 +0000


Started GET "/assets/underscore.js?body=1" for 10.0.2.2 at 2014-10-04 09:20:37 +0000


Started GET "/assets/backbone.js?body=1" for 10.0.2.2 at 2014-10-04 09:20:37 +0000


Started GET "/assets/backbone_rails_sync.js?body=1" for 10.0.2.2 at 2014-10-04 09:20:37 +0000


Started GET "/assets/backbone_datalink.js?body=1" for 10.0.2.2 at 2014-10-04 09:20:38 +0000


Started GET "/assets/backbone/blog.js?body=1" for 10.0.2.2 at 2014-10-04 09:20:38 +0000


Started GET "/assets/backbone/templates/posts/edit.js?body=1" for 10.0.2.2 at 2014-10-04 09:20:38 +0000


Started GET "/assets/backbone/templates/posts/index.js?body=1" for 10.0.2.2 at 2014-10-04 09:20:38 +0000


Started GET "/assets/backbone/templates/posts/new.js?body=1" for 10.0.2.2 at 2014-10-04 09:20:38 +0000


Started GET "/assets/backbone/templates/posts/post.js?body=1" for 10.0.2.2 at 2014-10-04 09:20:38 +0000


Started GET "/assets/backbone/templates/posts/show.js?body=1" for 10.0.2.2 at 2014-10-04 09:20:38 +0000


Started GET "/assets/backbone/models/post.js?body=1" for 10.0.2.2 at 2014-10-04 09:20:38 +0000


Started GET "/assets/backbone/views/posts/edit_view.js?body=1" for 10.0.2.2 at 2014-10-04 09:20:38 +0000


Started GET "/assets/backbone/views/posts/index_view.js?body=1" for 10.0.2.2 at 2014-10-04 09:20:38 +0000


Started GET "/assets/backbone/views/posts/new_view.js?body=1" for 10.0.2.2 at 2014-10-04 09:20:38 +0000


Started GET "/assets/backbone/views/posts/post_view.js?body=1" for 10.0.2.2 at 2014-10-04 09:20:38 +0000


Started GET "/assets/backbone/views/posts/show_view.js?body=1" for 10.0.2.2 at 2014-10-04 09:20:38 +0000


Started GET "/assets/backbone/routers/posts_router.js?body=1" for 10.0.2.2 at 2014-10-04 09:20:38 +0000


Started GET "/assets/bootstrap.js?body=1" for 10.0.2.2 at 2014-10-04 09:20:38 +0000


Started GET "/assets/posts.js?body=1" for 10.0.2.2 at 2014-10-04 09:20:38 +0000


Started GET "/assets/application.js?body=1" for 10.0.2.2 at 2014-10-04 09:20:38 +0000


Started DELETE "/posts/1" for 10.0.2.2 at 2014-10-04 09:20:53 +0000
Processing by PostsController#destroy as JSON
  Parameters: {"id"=>"1"}
  [1m[36mPost Load (1.1ms)[0m  [1mSELECT  "posts".* FROM "posts"  WHERE "posts"."id" = ? LIMIT 1[0m  [["id", 1]]
  [1m[35m (0.1ms)[0m  begin transaction
  [1m[36mSQL (2.8ms)[0m  [1mDELETE FROM "posts" WHERE "posts"."id" = ?[0m  [["id", 1]]
  [1m[35m (2.2ms)[0m  commit transaction
Completed 204 No Content in 41ms (ActiveRecord: 6.2ms)


Started DELETE "/posts/2" for 10.0.2.2 at 2014-10-04 09:20:54 +0000
Processing by PostsController#destroy as JSON
  Parameters: {"id"=>"2"}
  [1m[36mPost Load (1.2ms)[0m  [1mSELECT  "posts".* FROM "posts"  WHERE "posts"."id" = ? LIMIT 1[0m  [["id", 2]]
  [1m[35m (0.1ms)[0m  begin transaction
  [1m[36mSQL (13.3ms)[0m  [1mDELETE FROM "posts" WHERE "posts"."id" = ?[0m  [["id", 2]]
  [1m[35m (10.2ms)[0m  commit transaction
Completed 204 No Content in 30ms (ActiveRecord: 24.7ms)


Started POST "/posts" for 10.0.2.2 at 2014-10-04 09:20:59 +0000
Processing by PostsController#create as JSON
  Parameters: {"post"=>{"title"=>"hoho", "content"=>"test 123"}}
  [1m[36m (0.1ms)[0m  [1mbegin transaction[0m
  [1m[35mSQL (2.4ms)[0m  INSERT INTO "posts" ("content", "created_at", "title", "updated_at") VALUES (?, ?, ?, ?)  [["content", "test 123"], ["created_at", "2014-10-04 09:20:59.787243"], ["title", "hoho"], ["updated_at", "2014-10-04 09:20:59.787243"]]
  [1m[36m (1.6ms)[0m  [1mcommit transaction[0m
  Rendered posts/show.json.jbuilder (10.1ms)
Completed 201 Created in 66ms (Views: 53.8ms | ActiveRecord: 4.0ms)


Started GET "/post" for 10.0.2.2 at 2014-10-04 09:21:07 +0000

ActionController::RoutingError (No route matches [GET] "/post"):
  actionpack (4.1.2) lib/action_dispatch/middleware/debug_exceptions.rb:21:in `call'
  actionpack (4.1.2) lib/action_dispatch/middleware/show_exceptions.rb:30:in `call'
  railties (4.1.2) lib/rails/rack/logger.rb:38:in `call_app'
  railties (4.1.2) lib/rails/rack/logger.rb:20:in `block in call'
  activesupport (4.1.2) lib/active_support/tagged_logging.rb:68:in `block in tagged'
  activesupport (4.1.2) lib/active_support/tagged_logging.rb:26:in `tagged'
  activesupport (4.1.2) lib/active_support/tagged_logging.rb:68:in `tagged'
  railties (4.1.2) lib/rails/rack/logger.rb:20:in `call'
  actionpack (4.1.2) lib/action_dispatch/middleware/request_id.rb:21:in `call'
  /usr/lib/ruby/vendor_ruby/rack/methodoverride.rb:21:in `call'
  /usr/lib/ruby/vendor_ruby/rack/runtime.rb:17:in `call'
  activesupport (4.1.2) lib/active_support/cache/strategy/local_cache_middleware.rb:26:in `call'
  /usr/lib/ruby/vendor_ruby/rack/lock.rb:17:in `call'
  actionpack (4.1.2) lib/action_dispatch/middleware/static.rb:64:in `call'
  /usr/lib/ruby/vendor_ruby/rack/sendfile.rb:112:in `call'
  railties (4.1.2) lib/rails/engine.rb:514:in `call'
  railties (4.1.2) lib/rails/application.rb:144:in `call'
  /usr/lib/ruby/vendor_ruby/rack/lock.rb:17:in `call'
  /usr/lib/ruby/vendor_ruby/rack/content_length.rb:14:in `call'
  /usr/lib/ruby/vendor_ruby/rack/handler/webrick.rb:60:in `service'
  /usr/lib/ruby/1.9.1/webrick/httpserver.rb:138:in `service'
  /usr/lib/ruby/1.9.1/webrick/httpserver.rb:94:in `run'
  /usr/lib/ruby/1.9.1/webrick/server.rb:191:in `block in start_thread'


  Rendered /var/lib/gems/1.9.1/gems/actionpack-4.1.2/lib/action_dispatch/middleware/templates/rescues/_trace.html.erb (1.2ms)
  Rendered /var/lib/gems/1.9.1/gems/actionpack-4.1.2/lib/action_dispatch/middleware/templates/routes/_route.html.erb (1.6ms)
  Rendered /var/lib/gems/1.9.1/gems/actionpack-4.1.2/lib/action_dispatch/middleware/templates/routes/_table.html.erb (20.8ms)
  Rendered /var/lib/gems/1.9.1/gems/actionpack-4.1.2/lib/action_dispatch/middleware/templates/rescues/routing_error.html.erb within rescues/layout (79.7ms)


Started GET "/posts" for 10.0.2.2 at 2014-10-04 09:22:25 +0000
Processing by PostsController#index as HTML
  [1m[35mPost Load (0.9ms)[0m  SELECT "posts".* FROM "posts"
  Rendered posts/index.html.erb within layouts/application (2.4ms)
Completed 200 OK in 779ms (Views: 777.4ms | ActiveRecord: 0.9ms)


Started GET "/assets/twitter-bootstrap-static/bootstrap.css?body=1" for 10.0.2.2 at 2014-10-04 09:22:26 +0000


Started GET "/assets/posts.css?body=1" for 10.0.2.2 at 2014-10-04 09:22:26 +0000


Started GET "/assets/bootstrap_and_overrides.css?body=1" for 10.0.2.2 at 2014-10-04 09:22:26 +0000


Started GET "/assets/jquery_ujs.js?body=1" for 10.0.2.2 at 2014-10-04 09:22:26 +0000


Started GET "/assets/twitter/bootstrap/transition.js?body=1" for 10.0.2.2 at 2014-10-04 09:22:26 +0000


Started GET "/assets/jquery.js?body=1" for 10.0.2.2 at 2014-10-04 09:22:26 +0000


Started GET "/assets/application.css?body=1" for 10.0.2.2 at 2014-10-04 09:22:26 +0000


Started GET "/assets/scaffolds.css?body=1" for 10.0.2.2 at 2014-10-04 09:22:26 +0000


Started GET "/assets/twitter/bootstrap/alert.js?body=1" for 10.0.2.2 at 2014-10-04 09:22:26 +0000


Started GET "/assets/twitter/bootstrap/modal.js?body=1" for 10.0.2.2 at 2014-10-04 09:22:26 +0000


Started GET "/assets/twitter/bootstrap/dropdown.js?body=1" for 10.0.2.2 at 2014-10-04 09:22:26 +0000


Started GET "/assets/twitter/bootstrap/scrollspy.js?body=1" for 10.0.2.2 at 2014-10-04 09:22:26 +0000


Started GET "/assets/twitter/bootstrap/tab.js?body=1" for 10.0.2.2 at 2014-10-04 09:22:27 +0000


Started GET "/assets/twitter/bootstrap/tooltip.js?body=1" for 10.0.2.2 at 2014-10-04 09:22:27 +0000


Started GET "/assets/twitter/bootstrap/popover.js?body=1" for 10.0.2.2 at 2014-10-04 09:22:27 +0000


Started GET "/assets/twitter/bootstrap/button.js?body=1" for 10.0.2.2 at 2014-10-04 09:22:27 +0000


Started GET "/assets/twitter/bootstrap/collapse.js?body=1" for 10.0.2.2 at 2014-10-04 09:22:27 +0000


Started GET "/assets/twitter/bootstrap/carousel.js?body=1" for 10.0.2.2 at 2014-10-04 09:22:27 +0000


Started GET "/assets/twitter/bootstrap/affix.js?body=1" for 10.0.2.2 at 2014-10-04 09:22:27 +0000


Started GET "/assets/twitter/bootstrap.js?body=1" for 10.0.2.2 at 2014-10-04 09:22:27 +0000


Started GET "/assets/turbolinks.js?body=1" for 10.0.2.2 at 2014-10-04 09:22:27 +0000


Started GET "/assets/underscore.js?body=1" for 10.0.2.2 at 2014-10-04 09:22:27 +0000


Started GET "/assets/backbone.js?body=1" for 10.0.2.2 at 2014-10-04 09:22:27 +0000


Started GET "/assets/backbone_rails_sync.js?body=1" for 10.0.2.2 at 2014-10-04 09:22:27 +0000


Started GET "/assets/backbone_datalink.js?body=1" for 10.0.2.2 at 2014-10-04 09:22:27 +0000


Started GET "/assets/backbone/blog.js?body=1" for 10.0.2.2 at 2014-10-04 09:22:27 +0000


Started GET "/assets/backbone/templates/posts/edit.js?body=1" for 10.0.2.2 at 2014-10-04 09:22:27 +0000


Started GET "/assets/backbone/templates/posts/index.js?body=1" for 10.0.2.2 at 2014-10-04 09:22:27 +0000


Started GET "/assets/backbone/templates/posts/new.js?body=1" for 10.0.2.2 at 2014-10-04 09:22:27 +0000


Started GET "/assets/backbone/templates/posts/post.js?body=1" for 10.0.2.2 at 2014-10-04 09:22:27 +0000


Started GET "/assets/backbone/templates/posts/show.js?body=1" for 10.0.2.2 at 2014-10-04 09:22:27 +0000


Started GET "/assets/backbone/models/post.js?body=1" for 10.0.2.2 at 2014-10-04 09:22:27 +0000


Started GET "/assets/backbone/views/posts/edit_view.js?body=1" for 10.0.2.2 at 2014-10-04 09:22:27 +0000


Started GET "/assets/backbone/views/posts/index_view.js?body=1" for 10.0.2.2 at 2014-10-04 09:22:27 +0000


Started GET "/assets/backbone/views/posts/new_view.js?body=1" for 10.0.2.2 at 2014-10-04 09:22:28 +0000


Started GET "/assets/backbone/views/posts/post_view.js?body=1" for 10.0.2.2 at 2014-10-04 09:22:28 +0000


Started GET "/assets/backbone/views/posts/show_view.js?body=1" for 10.0.2.2 at 2014-10-04 09:22:28 +0000


Started GET "/assets/backbone/routers/posts_router.js?body=1" for 10.0.2.2 at 2014-10-04 09:22:28 +0000


Started GET "/assets/bootstrap.js?body=1" for 10.0.2.2 at 2014-10-04 09:22:28 +0000


Started GET "/assets/posts.js?body=1" for 10.0.2.2 at 2014-10-04 09:22:28 +0000


Started GET "/assets/application.js?body=1" for 10.0.2.2 at 2014-10-04 09:22:28 +0000


Started GET "/assets/twitter-bootstrap-static/fontawesome.css?body=1" for 10.0.2.2 at 2014-10-04 09:22:28 +0000


Started GET "/" for 10.0.2.2 at 2014-10-04 09:45:04 +0000
  [1m[36mActiveRecord::SchemaMigration Load (1.8ms)[0m  [1mSELECT "schema_migrations".* FROM "schema_migrations"[0m
Processing by PostsController#index as HTML
  [1m[35mPost Load (1.2ms)[0m  SELECT "posts".* FROM "posts"
  Rendered posts/index.html.erb within layouts/application (14.3ms)
Completed 200 OK in 1629ms (Views: 1602.5ms | ActiveRecord: 3.9ms)


Started GET "/assets/twitter-bootstrap-static/fontawesome.css?body=1" for 10.0.2.2 at 2014-10-04 09:45:07 +0000


Started GET "/assets/twitter-bootstrap-static/bootstrap.css?body=1" for 10.0.2.2 at 2014-10-04 09:45:07 +0000


Started GET "/assets/scaffolds.css?body=1" for 10.0.2.2 at 2014-10-04 09:45:07 +0000


Started GET "/assets/posts.css?body=1" for 10.0.2.2 at 2014-10-04 09:45:07 +0000


Started GET "/assets/bootstrap_and_overrides.css?body=1" for 10.0.2.2 at 2014-10-04 09:45:07 +0000


Started GET "/assets/application.css?body=1" for 10.0.2.2 at 2014-10-04 09:45:07 +0000


Started GET "/assets/jquery.js?body=1" for 10.0.2.2 at 2014-10-04 09:45:07 +0000


Started GET "/assets/jquery_ujs.js?body=1" for 10.0.2.2 at 2014-10-04 09:45:07 +0000


Started GET "/assets/twitter/bootstrap/transition.js?body=1" for 10.0.2.2 at 2014-10-04 09:45:07 +0000


Started GET "/assets/twitter/bootstrap/alert.js?body=1" for 10.0.2.2 at 2014-10-04 09:45:07 +0000


Started GET "/assets/twitter/bootstrap/modal.js?body=1" for 10.0.2.2 at 2014-10-04 09:45:08 +0000


Started GET "/assets/twitter/bootstrap/dropdown.js?body=1" for 10.0.2.2 at 2014-10-04 09:45:08 +0000


Started GET "/assets/twitter/bootstrap/scrollspy.js?body=1" for 10.0.2.2 at 2014-10-04 09:45:08 +0000


Started GET "/assets/twitter/bootstrap/tab.js?body=1" for 10.0.2.2 at 2014-10-04 09:45:08 +0000


Started GET "/assets/twitter/bootstrap/tooltip.js?body=1" for 10.0.2.2 at 2014-10-04 09:45:08 +0000


Started GET "/assets/twitter/bootstrap/popover.js?body=1" for 10.0.2.2 at 2014-10-04 09:45:08 +0000


Started GET "/assets/twitter/bootstrap/button.js?body=1" for 10.0.2.2 at 2014-10-04 09:45:08 +0000


Started GET "/assets/twitter/bootstrap/collapse.js?body=1" for 10.0.2.2 at 2014-10-04 09:45:08 +0000


Started GET "/assets/twitter/bootstrap/carousel.js?body=1" for 10.0.2.2 at 2014-10-04 09:45:08 +0000


Started GET "/assets/twitter/bootstrap/affix.js?body=1" for 10.0.2.2 at 2014-10-04 09:45:08 +0000


Started GET "/assets/twitter/bootstrap.js?body=1" for 10.0.2.2 at 2014-10-04 09:45:08 +0000


Started GET "/assets/turbolinks.js?body=1" for 10.0.2.2 at 2014-10-04 09:45:08 +0000


Started GET "/assets/underscore.js?body=1" for 10.0.2.2 at 2014-10-04 09:45:08 +0000


Started GET "/assets/backbone.js?body=1" for 10.0.2.2 at 2014-10-04 09:45:08 +0000


Started GET "/assets/backbone_rails_sync.js?body=1" for 10.0.2.2 at 2014-10-04 09:45:08 +0000


Started GET "/assets/backbone_datalink.js?body=1" for 10.0.2.2 at 2014-10-04 09:45:08 +0000


Started GET "/assets/backbone/blog.js?body=1" for 10.0.2.2 at 2014-10-04 09:45:08 +0000


Started GET "/assets/backbone/templates/posts/edit.js?body=1" for 10.0.2.2 at 2014-10-04 09:45:08 +0000


Started GET "/assets/backbone/templates/posts/index.js?body=1" for 10.0.2.2 at 2014-10-04 09:45:09 +0000


Started GET "/assets/backbone/templates/posts/new.js?body=1" for 10.0.2.2 at 2014-10-04 09:45:09 +0000


Started GET "/assets/backbone/templates/posts/post.js?body=1" for 10.0.2.2 at 2014-10-04 09:45:09 +0000


Started GET "/assets/backbone/templates/posts/show.js?body=1" for 10.0.2.2 at 2014-10-04 09:45:09 +0000


Started GET "/assets/backbone/models/post.js?body=1" for 10.0.2.2 at 2014-10-04 09:45:09 +0000


Started GET "/assets/backbone/views/posts/edit_view.js?body=1" for 10.0.2.2 at 2014-10-04 09:45:09 +0000


Started GET "/assets/backbone/views/posts/index_view.js?body=1" for 10.0.2.2 at 2014-10-04 09:45:09 +0000


Started GET "/assets/backbone/views/posts/new_view.js?body=1" for 10.0.2.2 at 2014-10-04 09:45:09 +0000


Started GET "/assets/backbone/views/posts/post_view.js?body=1" for 10.0.2.2 at 2014-10-04 09:45:09 +0000


Started GET "/assets/backbone/views/posts/show_view.js?body=1" for 10.0.2.2 at 2014-10-04 09:45:09 +0000


Started GET "/assets/backbone/routers/posts_router.js?body=1" for 10.0.2.2 at 2014-10-04 09:45:09 +0000


Started GET "/assets/bootstrap.js?body=1" for 10.0.2.2 at 2014-10-04 09:45:09 +0000


Started GET "/assets/posts.js?body=1" for 10.0.2.2 at 2014-10-04 09:45:09 +0000


Started GET "/assets/application.js?body=1" for 10.0.2.2 at 2014-10-04 09:45:09 +0000


Started GET "/images/favicon.ico" for 10.0.2.2 at 2014-10-04 09:45:10 +0000

ActionController::RoutingError (No route matches [GET] "/images/favicon.ico"):
  actionpack (4.1.2) lib/action_dispatch/middleware/debug_exceptions.rb:21:in `call'
  actionpack (4.1.2) lib/action_dispatch/middleware/show_exceptions.rb:30:in `call'
  railties (4.1.2) lib/rails/rack/logger.rb:38:in `call_app'
  railties (4.1.2) lib/rails/rack/logger.rb:20:in `block in call'
  activesupport (4.1.2) lib/active_support/tagged_logging.rb:68:in `block in tagged'
  activesupport (4.1.2) lib/active_support/tagged_logging.rb:26:in `tagged'
  activesupport (4.1.2) lib/active_support/tagged_logging.rb:68:in `tagged'
  railties (4.1.2) lib/rails/rack/logger.rb:20:in `call'
  actionpack (4.1.2) lib/action_dispatch/middleware/request_id.rb:21:in `call'
  /usr/lib/ruby/vendor_ruby/rack/methodoverride.rb:21:in `call'
  /usr/lib/ruby/vendor_ruby/rack/runtime.rb:17:in `call'
  activesupport (4.1.2) lib/active_support/cache/strategy/local_cache_middleware.rb:26:in `call'
  /usr/lib/ruby/vendor_ruby/rack/lock.rb:17:in `call'
  actionpack (4.1.2) lib/action_dispatch/middleware/static.rb:64:in `call'
  /usr/lib/ruby/vendor_ruby/rack/sendfile.rb:112:in `call'
  railties (4.1.2) lib/rails/engine.rb:514:in `call'
  railties (4.1.2) lib/rails/application.rb:144:in `call'
  /usr/lib/ruby/vendor_ruby/rack/lock.rb:17:in `call'
  /usr/lib/ruby/vendor_ruby/rack/content_length.rb:14:in `call'
  /usr/lib/ruby/vendor_ruby/rack/handler/webrick.rb:60:in `service'
  /usr/lib/ruby/1.9.1/webrick/httpserver.rb:138:in `service'
  /usr/lib/ruby/1.9.1/webrick/httpserver.rb:94:in `run'
  /usr/lib/ruby/1.9.1/webrick/server.rb:191:in `block in start_thread'


  Rendered /var/lib/gems/1.9.1/gems/actionpack-4.1.2/lib/action_dispatch/middleware/templates/rescues/_trace.html.erb (0.5ms)
  Rendered /var/lib/gems/1.9.1/gems/actionpack-4.1.2/lib/action_dispatch/middleware/templates/routes/_route.html.erb (1.7ms)
  Rendered /var/lib/gems/1.9.1/gems/actionpack-4.1.2/lib/action_dispatch/middleware/templates/routes/_table.html.erb (49.1ms)
  Rendered /var/lib/gems/1.9.1/gems/actionpack-4.1.2/lib/action_dispatch/middleware/templates/rescues/routing_error.html.erb within rescues/layout (69.4ms)


Started PUT "/posts/3" for 10.0.2.2 at 2014-10-04 09:47:58 +0000
Processing by PostsController#update as JSON
  Parameters: {"post"=>{"id"=>3, "title"=>"hoho", "content"=>"test 123", "created_at"=>"2014-10-04T09:20:59.787Z", "updated_at"=>"2014-10-04T09:20:59.787Z"}, "id"=>"3"}
  [1m[36mPost Load (1.0ms)[0m  [1mSELECT  "posts".* FROM "posts"  WHERE "posts"."id" = ? LIMIT 1[0m  [["id", 3]]
Unpermitted parameters: id, created_at, updated_at
  [1m[35m (0.1ms)[0m  begin transaction
  [1m[36m (0.1ms)[0m  [1mcommit transaction[0m
  Rendered posts/show.json.jbuilder (33.5ms)
Completed 200 OK in 90ms (Views: 78.2ms | ActiveRecord: 1.2ms)


Started GET "/" for 10.0.2.2 at 2014-10-07 06:23:52 +0000
  [1m[36mActiveRecord::SchemaMigration Load (1.1ms)[0m  [1mSELECT "schema_migrations".* FROM "schema_migrations"[0m
Processing by PostsController#index as HTML
  [1m[35mPost Load (1.4ms)[0m  SELECT "posts".* FROM "posts"
  Rendered posts/index.html.erb within layouts/application (13.4ms)
Completed 200 OK in 2403ms (Views: 2373.1ms | ActiveRecord: 4.0ms)


Started GET "/assets/twitter-bootstrap-static/bootstrap.css?body=1" for 10.0.2.2 at 2014-10-07 06:23:57 +0000


Started GET "/assets/application.css?body=1" for 10.0.2.2 at 2014-10-07 06:23:57 +0000


Started GET "/assets/jquery_ujs.js?body=1" for 10.0.2.2 at 2014-10-07 06:23:57 +0000


Started GET "/assets/jquery.js?body=1" for 10.0.2.2 at 2014-10-07 06:23:57 +0000


Started GET "/assets/bootstrap_and_overrides.css?body=1" for 10.0.2.2 at 2014-10-07 06:23:57 +0000


Started GET "/assets/posts.css?body=1" for 10.0.2.2 at 2014-10-07 06:23:57 +0000


Started GET "/assets/scaffolds.css?body=1" for 10.0.2.2 at 2014-10-07 06:23:57 +0000


Started GET "/assets/twitter/bootstrap/transition.js?body=1" for 10.0.2.2 at 2014-10-07 06:23:57 +0000


Started GET "/assets/twitter-bootstrap-static/fontawesome.css?body=1" for 10.0.2.2 at 2014-10-07 06:23:57 +0000


Started GET "/assets/twitter/bootstrap/alert.js?body=1" for 10.0.2.2 at 2014-10-07 06:23:57 +0000


Started GET "/assets/twitter/bootstrap/modal.js?body=1" for 10.0.2.2 at 2014-10-07 06:23:57 +0000


Started GET "/assets/twitter/bootstrap/dropdown.js?body=1" for 10.0.2.2 at 2014-10-07 06:23:58 +0000


Started GET "/assets/twitter/bootstrap/scrollspy.js?body=1" for 10.0.2.2 at 2014-10-07 06:23:58 +0000


Started GET "/assets/twitter/bootstrap/tab.js?body=1" for 10.0.2.2 at 2014-10-07 06:23:58 +0000


Started GET "/assets/twitter/bootstrap/tooltip.js?body=1" for 10.0.2.2 at 2014-10-07 06:23:58 +0000


Started GET "/assets/twitter/bootstrap/popover.js?body=1" for 10.0.2.2 at 2014-10-07 06:23:58 +0000


Started GET "/assets/twitter/bootstrap/button.js?body=1" for 10.0.2.2 at 2014-10-07 06:23:58 +0000


Started GET "/assets/twitter/bootstrap/collapse.js?body=1" for 10.0.2.2 at 2014-10-07 06:23:58 +0000


Started GET "/assets/twitter/bootstrap/carousel.js?body=1" for 10.0.2.2 at 2014-10-07 06:23:58 +0000


Started GET "/assets/twitter/bootstrap/affix.js?body=1" for 10.0.2.2 at 2014-10-07 06:23:58 +0000


Started GET "/assets/twitter/bootstrap.js?body=1" for 10.0.2.2 at 2014-10-07 06:23:58 +0000


Started GET "/assets/turbolinks.js?body=1" for 10.0.2.2 at 2014-10-07 06:23:58 +0000


Started GET "/assets/underscore.js?body=1" for 10.0.2.2 at 2014-10-07 06:23:58 +0000


Started GET "/assets/backbone.js?body=1" for 10.0.2.2 at 2014-10-07 06:23:58 +0000


Started GET "/assets/backbone_rails_sync.js?body=1" for 10.0.2.2 at 2014-10-07 06:23:58 +0000


Started GET "/assets/backbone_datalink.js?body=1" for 10.0.2.2 at 2014-10-07 06:23:58 +0000


Started GET "/assets/backbone/blog.js?body=1" for 10.0.2.2 at 2014-10-07 06:23:58 +0000


Started GET "/assets/backbone/templates/posts/edit.js?body=1" for 10.0.2.2 at 2014-10-07 06:23:58 +0000


Started GET "/assets/backbone/templates/posts/index.js?body=1" for 10.0.2.2 at 2014-10-07 06:23:58 +0000


Started GET "/assets/backbone/templates/posts/new.js?body=1" for 10.0.2.2 at 2014-10-07 06:23:59 +0000


Started GET "/assets/backbone/templates/posts/post.js?body=1" for 10.0.2.2 at 2014-10-07 06:23:59 +0000


Started GET "/assets/backbone/templates/posts/show.js?body=1" for 10.0.2.2 at 2014-10-07 06:23:59 +0000


Started GET "/assets/backbone/models/post.js?body=1" for 10.0.2.2 at 2014-10-07 06:23:59 +0000


Started GET "/assets/backbone/views/posts/edit_view.js?body=1" for 10.0.2.2 at 2014-10-07 06:23:59 +0000


Started GET "/assets/backbone/views/posts/index_view.js?body=1" for 10.0.2.2 at 2014-10-07 06:23:59 +0000


Started GET "/assets/backbone/views/posts/new_view.js?body=1" for 10.0.2.2 at 2014-10-07 06:23:59 +0000


Started GET "/assets/backbone/views/posts/post_view.js?body=1" for 10.0.2.2 at 2014-10-07 06:23:59 +0000


Started GET "/assets/backbone/views/posts/show_view.js?body=1" for 10.0.2.2 at 2014-10-07 06:23:59 +0000


Started GET "/assets/backbone/routers/posts_router.js?body=1" for 10.0.2.2 at 2014-10-07 06:23:59 +0000


Started GET "/assets/bootstrap.js?body=1" for 10.0.2.2 at 2014-10-07 06:23:59 +0000


Started GET "/assets/posts.js?body=1" for 10.0.2.2 at 2014-10-07 06:23:59 +0000


Started GET "/assets/application.js?body=1" for 10.0.2.2 at 2014-10-07 06:23:59 +0000


Started GET "/images/favicon.ico" for 10.0.2.2 at 2014-10-07 06:23:59 +0000

ActionController::RoutingError (No route matches [GET] "/images/favicon.ico"):
  actionpack (4.1.2) lib/action_dispatch/middleware/debug_exceptions.rb:21:in `call'
  actionpack (4.1.2) lib/action_dispatch/middleware/show_exceptions.rb:30:in `call'
  railties (4.1.2) lib/rails/rack/logger.rb:38:in `call_app'
  railties (4.1.2) lib/rails/rack/logger.rb:20:in `block in call'
  activesupport (4.1.2) lib/active_support/tagged_logging.rb:68:in `block in tagged'
  activesupport (4.1.2) lib/active_support/tagged_logging.rb:26:in `tagged'
  activesupport (4.1.2) lib/active_support/tagged_logging.rb:68:in `tagged'
  railties (4.1.2) lib/rails/rack/logger.rb:20:in `call'
  actionpack (4.1.2) lib/action_dispatch/middleware/request_id.rb:21:in `call'
  rack (1.5.2) lib/rack/methodoverride.rb:21:in `call'
  rack (1.5.2) lib/rack/runtime.rb:17:in `call'
  activesupport (4.1.2) lib/active_support/cache/strategy/local_cache_middleware.rb:26:in `call'
  rack (1.5.2) lib/rack/lock.rb:17:in `call'
  actionpack (4.1.2) lib/action_dispatch/middleware/static.rb:64:in `call'
  rack (1.5.2) lib/rack/sendfile.rb:112:in `call'
  railties (4.1.2) lib/rails/engine.rb:514:in `call'
  railties (4.1.2) lib/rails/application.rb:144:in `call'
  rack (1.5.2) lib/rack/lock.rb:17:in `call'
  rack (1.5.2) lib/rack/content_length.rb:14:in `call'
  rack (1.5.2) lib/rack/handler/webrick.rb:60:in `service'
  /home/vagrant/.rbenv/versions/2.0.0-p576/lib/ruby/2.0.0/webrick/httpserver.rb:138:in `service'
  /home/vagrant/.rbenv/versions/2.0.0-p576/lib/ruby/2.0.0/webrick/httpserver.rb:94:in `run'
  /home/vagrant/.rbenv/versions/2.0.0-p576/lib/ruby/2.0.0/webrick/server.rb:295:in `block in start_thread'


  Rendered /home/vagrant/.rbenv/versions/2.0.0-p576/lib/ruby/gems/2.0.0/gems/actionpack-4.1.2/lib/action_dispatch/middleware/templates/rescues/_trace.html.erb (0.7ms)
  Rendered /home/vagrant/.rbenv/versions/2.0.0-p576/lib/ruby/gems/2.0.0/gems/actionpack-4.1.2/lib/action_dispatch/middleware/templates/routes/_route.html.erb (1.1ms)
  Rendered /home/vagrant/.rbenv/versions/2.0.0-p576/lib/ruby/gems/2.0.0/gems/actionpack-4.1.2/lib/action_dispatch/middleware/templates/routes/_table.html.erb (18.7ms)
  Rendered /home/vagrant/.rbenv/versions/2.0.0-p576/lib/ruby/gems/2.0.0/gems/actionpack-4.1.2/lib/action_dispatch/middleware/templates/rescues/routing_error.html.erb within rescues/layout (40.9ms)


Started GET "/assets/favicon.png" for 10.0.2.2 at 2014-10-07 06:24:03 +0000

ActionController::RoutingError (No route matches [GET] "/assets/favicon.png"):
  actionpack (4.1.2) lib/action_dispatch/middleware/debug_exceptions.rb:21:in `call'
  actionpack (4.1.2) lib/action_dispatch/middleware/show_exceptions.rb:30:in `call'
  railties (4.1.2) lib/rails/rack/logger.rb:38:in `call_app'
  railties (4.1.2) lib/rails/rack/logger.rb:20:in `block in call'
  activesupport (4.1.2) lib/active_support/tagged_logging.rb:68:in `block in tagged'
  activesupport (4.1.2) lib/active_support/tagged_logging.rb:26:in `tagged'
  activesupport (4.1.2) lib/active_support/tagged_logging.rb:68:in `tagged'
  railties (4.1.2) lib/rails/rack/logger.rb:20:in `call'
  actionpack (4.1.2) lib/action_dispatch/middleware/request_id.rb:21:in `call'
  rack (1.5.2) lib/rack/methodoverride.rb:21:in `call'
  rack (1.5.2) lib/rack/runtime.rb:17:in `call'
  activesupport (4.1.2) lib/active_support/cache/strategy/local_cache_middleware.rb:26:in `call'
  rack (1.5.2) lib/rack/lock.rb:17:in `call'
  actionpack (4.1.2) lib/action_dispatch/middleware/static.rb:64:in `call'
  rack (1.5.2) lib/rack/sendfile.rb:112:in `call'
  railties (4.1.2) lib/rails/engine.rb:514:in `call'
  railties (4.1.2) lib/rails/application.rb:144:in `call'
  rack (1.5.2) lib/rack/lock.rb:17:in `call'
  rack (1.5.2) lib/rack/content_length.rb:14:in `call'
  rack (1.5.2) lib/rack/handler/webrick.rb:60:in `service'
  /home/vagrant/.rbenv/versions/2.0.0-p576/lib/ruby/2.0.0/webrick/httpserver.rb:138:in `service'
  /home/vagrant/.rbenv/versions/2.0.0-p576/lib/ruby/2.0.0/webrick/httpserver.rb:94:in `run'
  /home/vagrant/.rbenv/versions/2.0.0-p576/lib/ruby/2.0.0/webrick/server.rb:295:in `block in start_thread'


  Rendered /home/vagrant/.rbenv/versions/2.0.0-p576/lib/ruby/gems/2.0.0/gems/actionpack-4.1.2/lib/action_dispatch/middleware/templates/rescues/_trace.html.erb (0.7ms)
  Rendered /home/vagrant/.rbenv/versions/2.0.0-p576/lib/ruby/gems/2.0.0/gems/actionpack-4.1.2/lib/action_dispatch/middleware/templates/routes/_route.html.erb (1.2ms)
  Rendered /home/vagrant/.rbenv/versions/2.0.0-p576/lib/ruby/gems/2.0.0/gems/actionpack-4.1.2/lib/action_dispatch/middleware/templates/routes/_table.html.erb (2.2ms)
  Rendered /home/vagrant/.rbenv/versions/2.0.0-p576/lib/ruby/gems/2.0.0/gems/actionpack-4.1.2/lib/action_dispatch/middleware/templates/rescues/routing_error.html.erb within rescues/layout (18.3ms)


Started PUT "/posts/3" for 10.0.2.2 at 2014-10-07 06:24:05 +0000
Processing by PostsController#update as JSON
  Parameters: {"post"=>{"id"=>3, "title"=>"hoho", "content"=>"test 123aze", "created_at"=>"2014-10-04T09:20:59.787Z", "updated_at"=>"2014-10-04T09:20:59.787Z"}, "id"=>"3"}
  [1m[36mPost Load (1.1ms)[0m  [1mSELECT  "posts".* FROM "posts"  WHERE "posts"."id" = ? LIMIT 1[0m  [["id", 3]]
Unpermitted parameters: id, created_at, updated_at
  [1m[35m (0.1ms)[0m  begin transaction
  [1m[36mSQL (2.4ms)[0m  [1mUPDATE "posts" SET "content" = ?, "updated_at" = ? WHERE "posts"."id" = 3[0m  [["content", "test 123aze"], ["updated_at", "2014-10-07 06:24:05.802424"]]
  [1m[35m (2.1ms)[0m  commit transaction
  Rendered posts/show.json.jbuilder (46.3ms)
Completed 200 OK in 140ms (Views: 117.3ms | ActiveRecord: 5.7ms)


Started POST "/posts" for 10.0.2.2 at 2014-10-07 06:24:14 +0000
Processing by PostsController#create as JSON
  Parameters: {"post"=>{"title"=>"aze", "content"=>"aze"}}
  [1m[36m (0.1ms)[0m  [1mbegin transaction[0m
  [1m[35mSQL (20.9ms)[0m  INSERT INTO "posts" ("content", "created_at", "title", "updated_at") VALUES (?, ?, ?, ?)  [["content", "aze"], ["created_at", "2014-10-07 06:24:14.160000"], ["title", "aze"], ["updated_at", "2014-10-07 06:24:14.160000"]]
  [1m[36m (2.5ms)[0m  [1mcommit transaction[0m
  Rendered posts/show.json.jbuilder (0.2ms)
Completed 201 Created in 70ms (Views: 41.8ms | ActiveRecord: 23.5ms)


Started GET "/path2" for 10.0.2.2 at 2014-10-07 06:24:20 +0000

ActionController::RoutingError (No route matches [GET] "/path2"):
  actionpack (4.1.2) lib/action_dispatch/middleware/debug_exceptions.rb:21:in `call'
  actionpack (4.1.2) lib/action_dispatch/middleware/show_exceptions.rb:30:in `call'
  railties (4.1.2) lib/rails/rack/logger.rb:38:in `call_app'
  railties (4.1.2) lib/rails/rack/logger.rb:20:in `block in call'
  activesupport (4.1.2) lib/active_support/tagged_logging.rb:68:in `block in tagged'
  activesupport (4.1.2) lib/active_support/tagged_logging.rb:26:in `tagged'
  activesupport (4.1.2) lib/active_support/tagged_logging.rb:68:in `tagged'
  railties (4.1.2) lib/rails/rack/logger.rb:20:in `call'
  actionpack (4.1.2) lib/action_dispatch/middleware/request_id.rb:21:in `call'
  rack (1.5.2) lib/rack/methodoverride.rb:21:in `call'
  rack (1.5.2) lib/rack/runtime.rb:17:in `call'
  activesupport (4.1.2) lib/active_support/cache/strategy/local_cache_middleware.rb:26:in `call'
  rack (1.5.2) lib/rack/lock.rb:17:in `call'
  actionpack (4.1.2) lib/action_dispatch/middleware/static.rb:64:in `call'
  rack (1.5.2) lib/rack/sendfile.rb:112:in `call'
  railties (4.1.2) lib/rails/engine.rb:514:in `call'
  railties (4.1.2) lib/rails/application.rb:144:in `call'
  rack (1.5.2) lib/rack/lock.rb:17:in `call'
  rack (1.5.2) lib/rack/content_length.rb:14:in `call'
  rack (1.5.2) lib/rack/handler/webrick.rb:60:in `service'
  /home/vagrant/.rbenv/versions/2.0.0-p576/lib/ruby/2.0.0/webrick/httpserver.rb:138:in `service'
  /home/vagrant/.rbenv/versions/2.0.0-p576/lib/ruby/2.0.0/webrick/httpserver.rb:94:in `run'
  /home/vagrant/.rbenv/versions/2.0.0-p576/lib/ruby/2.0.0/webrick/server.rb:295:in `block in start_thread'


  Rendered /home/vagrant/.rbenv/versions/2.0.0-p576/lib/ruby/gems/2.0.0/gems/actionpack-4.1.2/lib/action_dispatch/middleware/templates/rescues/_trace.html.erb (0.7ms)
  Rendered /home/vagrant/.rbenv/versions/2.0.0-p576/lib/ruby/gems/2.0.0/gems/actionpack-4.1.2/lib/action_dispatch/middleware/templates/routes/_route.html.erb (1.3ms)
  Rendered /home/vagrant/.rbenv/versions/2.0.0-p576/lib/ruby/gems/2.0.0/gems/actionpack-4.1.2/lib/action_dispatch/middleware/templates/routes/_table.html.erb (0.8ms)
  Rendered /home/vagrant/.rbenv/versions/2.0.0-p576/lib/ruby/gems/2.0.0/gems/actionpack-4.1.2/lib/action_dispatch/middleware/templates/rescues/routing_error.html.erb within rescues/layout (14.8ms)


Started GET "/path2" for 10.0.2.2 at 2014-10-07 06:24:20 +0000

ActionController::RoutingError (No route matches [GET] "/path2"):
  actionpack (4.1.2) lib/action_dispatch/middleware/debug_exceptions.rb:21:in `call'
  actionpack (4.1.2) lib/action_dispatch/middleware/show_exceptions.rb:30:in `call'
  railties (4.1.2) lib/rails/rack/logger.rb:38:in `call_app'
  railties (4.1.2) lib/rails/rack/logger.rb:20:in `block in call'
  activesupport (4.1.2) lib/active_support/tagged_logging.rb:68:in `block in tagged'
  activesupport (4.1.2) lib/active_support/tagged_logging.rb:26:in `tagged'
  activesupport (4.1.2) lib/active_support/tagged_logging.rb:68:in `tagged'
  railties (4.1.2) lib/rails/rack/logger.rb:20:in `call'
  actionpack (4.1.2) lib/action_dispatch/middleware/request_id.rb:21:in `call'
  rack (1.5.2) lib/rack/methodoverride.rb:21:in `call'
  rack (1.5.2) lib/rack/runtime.rb:17:in `call'
  activesupport (4.1.2) lib/active_support/cache/strategy/local_cache_middleware.rb:26:in `call'
  rack (1.5.2) lib/rack/lock.rb:17:in `call'
  actionpack (4.1.2) lib/action_dispatch/middleware/static.rb:64:in `call'
  rack (1.5.2) lib/rack/sendfile.rb:112:in `call'
  railties (4.1.2) lib/rails/engine.rb:514:in `call'
  railties (4.1.2) lib/rails/application.rb:144:in `call'
  rack (1.5.2) lib/rack/lock.rb:17:in `call'
  rack (1.5.2) lib/rack/content_length.rb:14:in `call'
  rack (1.5.2) lib/rack/handler/webrick.rb:60:in `service'
  /home/vagrant/.rbenv/versions/2.0.0-p576/lib/ruby/2.0.0/webrick/httpserver.rb:138:in `service'
  /home/vagrant/.rbenv/versions/2.0.0-p576/lib/ruby/2.0.0/webrick/httpserver.rb:94:in `run'
  /home/vagrant/.rbenv/versions/2.0.0-p576/lib/ruby/2.0.0/webrick/server.rb:295:in `block in start_thread'


  Rendered /home/vagrant/.rbenv/versions/2.0.0-p576/lib/ruby/gems/2.0.0/gems/actionpack-4.1.2/lib/action_dispatch/middleware/templates/rescues/_trace.html.erb (0.7ms)
  Rendered /home/vagrant/.rbenv/versions/2.0.0-p576/lib/ruby/gems/2.0.0/gems/actionpack-4.1.2/lib/action_dispatch/middleware/templates/routes/_route.html.erb (1.0ms)
  Rendered /home/vagrant/.rbenv/versions/2.0.0-p576/lib/ruby/gems/2.0.0/gems/actionpack-4.1.2/lib/action_dispatch/middleware/templates/routes/_table.html.erb (0.8ms)
  Rendered /home/vagrant/.rbenv/versions/2.0.0-p576/lib/ruby/gems/2.0.0/gems/actionpack-4.1.2/lib/action_dispatch/middleware/templates/rescues/routing_error.html.erb within rescues/layout (15.1ms)


Started GET "/" for 10.0.2.2 at 2014-10-07 06:24:21 +0000
Processing by PostsController#index as HTML
  [1m[35mPost Load (0.8ms)[0m  SELECT "posts".* FROM "posts"
  Rendered posts/index.html.erb within layouts/application (3.3ms)
Completed 200 OK in 738ms (Views: 736.2ms | ActiveRecord: 0.8ms)


Started GET "/assets/twitter-bootstrap-static/bootstrap.css?body=1" for 10.0.2.2 at 2014-10-07 06:24:22 +0000


Started GET "/assets/twitter-bootstrap-static/fontawesome.css?body=1" for 10.0.2.2 at 2014-10-07 06:24:22 +0000


Started GET "/assets/twitter/bootstrap/transition.js?body=1" for 10.0.2.2 at 2014-10-07 06:24:22 +0000


Started GET "/assets/twitter/bootstrap/alert.js?body=1" for 10.0.2.2 at 2014-10-07 06:24:22 +0000


Started GET "/assets/twitter/bootstrap/tab.js?body=1" for 10.0.2.2 at 2014-10-07 06:24:22 +0000


Started GET "/assets/twitter/bootstrap/modal.js?body=1" for 10.0.2.2 at 2014-10-07 06:24:22 +0000


Started GET "/assets/twitter/bootstrap/dropdown.js?body=1" for 10.0.2.2 at 2014-10-07 06:24:22 +0000


Started GET "/assets/twitter/bootstrap/scrollspy.js?body=1" for 10.0.2.2 at 2014-10-07 06:24:22 +0000


Started GET "/assets/twitter/bootstrap/tooltip.js?body=1" for 10.0.2.2 at 2014-10-07 06:24:22 +0000


Started GET "/assets/twitter/bootstrap/popover.js?body=1" for 10.0.2.2 at 2014-10-07 06:24:22 +0000


Started GET "/assets/twitter/bootstrap/button.js?body=1" for 10.0.2.2 at 2014-10-07 06:24:23 +0000


Started GET "/assets/twitter/bootstrap/collapse.js?body=1" for 10.0.2.2 at 2014-10-07 06:24:23 +0000


Started GET "/assets/twitter/bootstrap/carousel.js?body=1" for 10.0.2.2 at 2014-10-07 06:24:23 +0000


Started GET "/assets/twitter/bootstrap/affix.js?body=1" for 10.0.2.2 at 2014-10-07 06:24:23 +0000


Started GET "/assets/twitter/bootstrap.js?body=1" for 10.0.2.2 at 2014-10-07 06:24:23 +0000


Started GET "/path3" for 10.0.2.2 at 2014-10-07 06:24:24 +0000

ActionController::RoutingError (No route matches [GET] "/path3"):
  actionpack (4.1.2) lib/action_dispatch/middleware/debug_exceptions.rb:21:in `call'
  actionpack (4.1.2) lib/action_dispatch/middleware/show_exceptions.rb:30:in `call'
  railties (4.1.2) lib/rails/rack/logger.rb:38:in `call_app'
  railties (4.1.2) lib/rails/rack/logger.rb:20:in `block in call'
  activesupport (4.1.2) lib/active_support/tagged_logging.rb:68:in `block in tagged'
  activesupport (4.1.2) lib/active_support/tagged_logging.rb:26:in `tagged'
  activesupport (4.1.2) lib/active_support/tagged_logging.rb:68:in `tagged'
  railties (4.1.2) lib/rails/rack/logger.rb:20:in `call'
  actionpack (4.1.2) lib/action_dispatch/middleware/request_id.rb:21:in `call'
  rack (1.5.2) lib/rack/methodoverride.rb:21:in `call'
  rack (1.5.2) lib/rack/runtime.rb:17:in `call'
  activesupport (4.1.2) lib/active_support/cache/strategy/local_cache_middleware.rb:26:in `call'
  rack (1.5.2) lib/rack/lock.rb:17:in `call'
  actionpack (4.1.2) lib/action_dispatch/middleware/static.rb:64:in `call'
  rack (1.5.2) lib/rack/sendfile.rb:112:in `call'
  railties (4.1.2) lib/rails/engine.rb:514:in `call'
  railties (4.1.2) lib/rails/application.rb:144:in `call'
  rack (1.5.2) lib/rack/lock.rb:17:in `call'
  rack (1.5.2) lib/rack/content_length.rb:14:in `call'
  rack (1.5.2) lib/rack/handler/webrick.rb:60:in `service'
  /home/vagrant/.rbenv/versions/2.0.0-p576/lib/ruby/2.0.0/webrick/httpserver.rb:138:in `service'
  /home/vagrant/.rbenv/versions/2.0.0-p576/lib/ruby/2.0.0/webrick/httpserver.rb:94:in `run'
  /home/vagrant/.rbenv/versions/2.0.0-p576/lib/ruby/2.0.0/webrick/server.rb:295:in `block in start_thread'


  Rendered /home/vagrant/.rbenv/versions/2.0.0-p576/lib/ruby/gems/2.0.0/gems/actionpack-4.1.2/lib/action_dispatch/middleware/templates/rescues/_trace.html.erb (36.9ms)
  Rendered /home/vagrant/.rbenv/versions/2.0.0-p576/lib/ruby/gems/2.0.0/gems/actionpack-4.1.2/lib/action_dispatch/middleware/templates/routes/_route.html.erb (1.3ms)
  Rendered /home/vagrant/.rbenv/versions/2.0.0-p576/lib/ruby/gems/2.0.0/gems/actionpack-4.1.2/lib/action_dispatch/middleware/templates/routes/_table.html.erb (1.1ms)
  Rendered /home/vagrant/.rbenv/versions/2.0.0-p576/lib/ruby/gems/2.0.0/gems/actionpack-4.1.2/lib/action_dispatch/middleware/templates/rescues/routing_error.html.erb within rescues/layout (55.7ms)


Started GET "/path3" for 10.0.2.2 at 2014-10-07 06:24:24 +0000

ActionController::RoutingError (No route matches [GET] "/path3"):
  actionpack (4.1.2) lib/action_dispatch/middleware/debug_exceptions.rb:21:in `call'
  actionpack (4.1.2) lib/action_dispatch/middleware/show_exceptions.rb:30:in `call'
  railties (4.1.2) lib/rails/rack/logger.rb:38:in `call_app'
  railties (4.1.2) lib/rails/rack/logger.rb:20:in `block in call'
  activesupport (4.1.2) lib/active_support/tagged_logging.rb:68:in `block in tagged'
  activesupport (4.1.2) lib/active_support/tagged_logging.rb:26:in `tagged'
  activesupport (4.1.2) lib/active_support/tagged_logging.rb:68:in `tagged'
  railties (4.1.2) lib/rails/rack/logger.rb:20:in `call'
  actionpack (4.1.2) lib/action_dispatch/middleware/request_id.rb:21:in `call'
  rack (1.5.2) lib/rack/methodoverride.rb:21:in `call'
  rack (1.5.2) lib/rack/runtime.rb:17:in `call'
  activesupport (4.1.2) lib/active_support/cache/strategy/local_cache_middleware.rb:26:in `call'
  rack (1.5.2) lib/rack/lock.rb:17:in `call'
  actionpack (4.1.2) lib/action_dispatch/middleware/static.rb:64:in `call'
  rack (1.5.2) lib/rack/sendfile.rb:112:in `call'
  railties (4.1.2) lib/rails/engine.rb:514:in `call'
  railties (4.1.2) lib/rails/application.rb:144:in `call'
  rack (1.5.2) lib/rack/lock.rb:17:in `call'
  rack (1.5.2) lib/rack/content_length.rb:14:in `call'
  rack (1.5.2) lib/rack/handler/webrick.rb:60:in `service'
  /home/vagrant/.rbenv/versions/2.0.0-p576/lib/ruby/2.0.0/webrick/httpserver.rb:138:in `service'
  /home/vagrant/.rbenv/versions/2.0.0-p576/lib/ruby/2.0.0/webrick/httpserver.rb:94:in `run'
  /home/vagrant/.rbenv/versions/2.0.0-p576/lib/ruby/2.0.0/webrick/server.rb:295:in `block in start_thread'


  Rendered /home/vagrant/.rbenv/versions/2.0.0-p576/lib/ruby/gems/2.0.0/gems/actionpack-4.1.2/lib/action_dispatch/middleware/templates/rescues/_trace.html.erb (0.7ms)
  Rendered /home/vagrant/.rbenv/versions/2.0.0-p576/lib/ruby/gems/2.0.0/gems/actionpack-4.1.2/lib/action_dispatch/middleware/templates/routes/_route.html.erb (1.0ms)
  Rendered /home/vagrant/.rbenv/versions/2.0.0-p576/lib/ruby/gems/2.0.0/gems/actionpack-4.1.2/lib/action_dispatch/middleware/templates/routes/_table.html.erb (1.2ms)
  Rendered /home/vagrant/.rbenv/versions/2.0.0-p576/lib/ruby/gems/2.0.0/gems/actionpack-4.1.2/lib/action_dispatch/middleware/templates/rescues/routing_error.html.erb within rescues/layout (15.1ms)


Started GET "/" for 10.0.2.2 at 2014-10-07 06:24:37 +0000
Processing by PostsController#index as HTML
  [1m[36mPost Load (1.3ms)[0m  [1mSELECT "posts".* FROM "posts"[0m
  Rendered posts/index.html.erb within layouts/application (4.1ms)
Completed 200 OK in 742ms (Views: 740.3ms | ActiveRecord: 1.3ms)
